<?xml version="1.0" encoding="utf-8"?><testsuite errors="0" failures="0" name="pytest" skips="0" tests="685" time="13.743"><testcase classname="module_utils.test_netapp" file="module_utils/test_netapp.py" line="56" name="test_get_cserver" time="0.00236773490906"></testcase><testcase classname="module_utils.test_netapp" file="module_utils/test_netapp.py" line="45" name="test_ems_log_event_version" time="0.00462794303894"><system-out>Ansible version: 2.9.0b1.post0
</system-out></testcase><testcase classname="module_utils.test_netapp_module.TestMyModule" file="module_utils/test_netapp_module.py" line="13" name="test_get_cd_action_create" time="0.00395607948303"></testcase><testcase classname="module_utils.test_netapp_module.TestMyModule" file="module_utils/test_netapp_module.py" line="45" name="test_get_modified_attributes" time="0.00197911262512"></testcase><testcase classname="module_utils.test_netapp_module.TestMyModule" file="module_utils/test_netapp_module.py" line="29" name="test_get_cd_action" time="0.00187492370605"></testcase><testcase classname="module_utils.test_netapp_module.TestMyModule" file="module_utils/test_netapp_module.py" line="85" name="test_get_modified_attributes_for_intersecting_list_of_dicts" time="0.00206685066223"></testcase><testcase classname="module_utils.test_netapp_module.TestMyModule" file="module_utils/test_netapp_module.py" line="21" name="test_get_cd_action_delete" time="0.00213193893433"></testcase><testcase classname="module_utils.test_netapp_module.TestMyModule" file="module_utils/test_netapp_module.py" line="101" name="test_get_modified_attributes_for_list_diff" time="0.0018367767334"></testcase><testcase classname="module_utils.test_netapp_module.TestMyModule" file="module_utils/test_netapp_module.py" line="61" name="test_get_modified_attributes_for_intersecting_list" time="0.00801515579224"></testcase><testcase classname="module_utils.test_netapp_module.TestMyModule" file="module_utils/test_netapp_module.py" line="109" name="test_get_modified_attributes_for_no_change" time="0.00677108764648"></testcase><testcase classname="module_utils.test_netapp_module.TestMyModule" file="module_utils/test_netapp_module.py" line="53" name="test_get_modified_attributes_for_intersecting_mixed_list" time="0.00651788711548"></testcase><testcase classname="module_utils.test_netapp_module.TestMyModule" file="module_utils/test_netapp_module.py" line="77" name="test_get_modified_attributes_for_list_of_dicts_no_data" time="0.0017421245575"></testcase><testcase classname="module_utils.test_netapp_module.TestMyModule" file="module_utils/test_netapp_module.py" line="69" name="test_get_modified_attributes_for_nonintersecting_list" time="0.00178408622742"></testcase><testcase classname="module_utils.test_netapp_module.TestMyModule" file="module_utils/test_netapp_module.py" line="37" name="test_get_modified_attributes_for_no_data" time="0.00222706794739"></testcase><testcase classname="module_utils.test_netapp_module.TestMyModule" file="module_utils/test_netapp_module.py" line="141" name="test_is_rename_action" time="0.00787782669067"></testcase><testcase classname="module_utils.test_netapp_module.TestMyModule" file="module_utils/test_netapp_module.py" line="93" name="test_get_modified_attributes_for_nonintersecting_list_of_dicts" time="0.00750303268433"></testcase><testcase classname="module_utils.test_netapp_module.TestMyModule" file="module_utils/test_netapp_module.py" line="125" name="test_is_rename_action_for_no_source" time="0.00653910636902"></testcase><testcase classname="module_utils.test_netapp_module.TestMyModule" file="module_utils/test_netapp_module.py" line="117" name="test_is_rename_action_for_empty_input" time="0.00176787376404"></testcase><testcase classname="module_utils.test_netapp_module.TestMyModule" file="module_utils/test_netapp_module.py" line="133" name="test_is_rename_action_for_no_target" time="0.0018572807312"></testcase><testcase classname="modules.test_na_ontap_aggregate.TestMyModule" file="modules/test_na_ontap_aggregate.py" line="156" name="test_disks_list" time="0.0112297534943"><system-out>&lt;xml&gt;&lt;vserver-info&gt;&lt;vserver-name&gt;12&lt;/vserver-name&gt;&lt;/vserver-info&gt;&lt;attributes-list&gt;&lt;aggr-attributes&gt;&lt;aggregate-name&gt;test_name&lt;/aggregate-name&gt;&lt;aggr-raid-attributes&gt;&lt;state&gt;offline&lt;/state&gt;&lt;/aggr-raid-attributes&gt;&lt;/aggr-attributes&gt;&lt;object-store-information&gt;&lt;object-store-name&gt;abc&lt;/object-store-name&gt;&lt;/object-store-information&gt;&lt;/attributes-list&gt;&lt;num-records&gt;3&lt;/num-records&gt;&lt;/xml&gt;
</system-out></testcase><testcase classname="modules.test_na_ontap_aggregate.TestMyModule" file="modules/test_na_ontap_aggregate.py" line="148" name="test_is_mirrored" time="0.00776290893555"><system-out>&lt;xml&gt;&lt;vserver-info&gt;&lt;vserver-name&gt;12&lt;/vserver-name&gt;&lt;/vserver-info&gt;&lt;attributes-list&gt;&lt;aggr-attributes&gt;&lt;aggregate-name&gt;test_name&lt;/aggregate-name&gt;&lt;aggr-raid-attributes&gt;&lt;state&gt;offline&lt;/state&gt;&lt;/aggr-raid-attributes&gt;&lt;/aggr-attributes&gt;&lt;object-store-information&gt;&lt;object-store-name&gt;abc&lt;/object-store-name&gt;&lt;/object-store-information&gt;&lt;/attributes-list&gt;&lt;num-records&gt;3&lt;/num-records&gt;&lt;/xml&gt;
</system-out></testcase><testcase classname="modules.test_na_ontap_aggregate.TestMyModule" file="modules/test_na_ontap_aggregate.py" line="141" name="test_module_fail_when_required_args_missing" time="0.00305604934692"><system-out>Info: missing required arguments: username, password, name, hostname
</system-out></testcase><testcase classname="modules.test_na_ontap_aggregate.TestMyModule" file="modules/test_na_ontap_aggregate.py" line="195" name="test_if_all_methods_catch_exception" time="0.0203151702881"></testcase><testcase classname="modules.test_na_ontap_aggregate.TestMyModule" file="modules/test_na_ontap_aggregate.py" line="181" name="test_rename" time="0.00531101226807"><system-out>&lt;xml&gt;&lt;vserver-info&gt;&lt;vserver-name&gt;12&lt;/vserver-name&gt;&lt;/vserver-info&gt;&lt;attributes-list&gt;&lt;aggr-attributes&gt;&lt;aggregate-name&gt;test_name&lt;/aggregate-name&gt;&lt;aggr-raid-attributes&gt;&lt;state&gt;offline&lt;/state&gt;&lt;/aggr-raid-attributes&gt;&lt;/aggr-attributes&gt;&lt;object-store-information&gt;&lt;object-store-name&gt;abc&lt;/object-store-name&gt;&lt;/object-store-information&gt;&lt;/attributes-list&gt;&lt;num-records&gt;3&lt;/num-records&gt;&lt;/xml&gt;
&lt;xml&gt;&lt;vserver-info&gt;&lt;vserver-name&gt;12&lt;/vserver-name&gt;&lt;/vserver-info&gt;&lt;attributes-list&gt;&lt;aggr-attributes&gt;&lt;aggregate-name&gt;test_name&lt;/aggregate-name&gt;&lt;aggr-raid-attributes&gt;&lt;state&gt;offline&lt;/state&gt;&lt;/aggr-raid-attributes&gt;&lt;/aggr-attributes&gt;&lt;object-store-information&gt;&lt;object-store-name&gt;abc&lt;/object-store-name&gt;&lt;/object-store-information&gt;&lt;/attributes-list&gt;&lt;num-records&gt;3&lt;/num-records&gt;&lt;/xml&gt;
</system-out></testcase><testcase classname="modules.test_na_ontap_aggregate.TestMyModule" file="modules/test_na_ontap_aggregate.py" line="164" name="test_mirror_disks" time="0.0135400295258"><system-out>&lt;xml&gt;&lt;vserver-info&gt;&lt;vserver-name&gt;12&lt;/vserver-name&gt;&lt;/vserver-info&gt;&lt;attributes-list&gt;&lt;aggr-attributes&gt;&lt;aggregate-name&gt;test_name&lt;/aggregate-name&gt;&lt;aggr-raid-attributes&gt;&lt;state&gt;offline&lt;/state&gt;&lt;/aggr-raid-attributes&gt;&lt;/aggr-attributes&gt;&lt;object-store-information&gt;&lt;object-store-name&gt;abc&lt;/object-store-name&gt;&lt;/object-store-information&gt;&lt;/attributes-list&gt;&lt;num-records&gt;3&lt;/num-records&gt;&lt;/xml&gt;
</system-out></testcase><testcase classname="modules.test_na_ontap_autosupport.TestMyModule" file="modules/test_na_ontap_autosupport.py" line="151" name="test_disable_asup" time="0.0161302089691"></testcase><testcase classname="modules.test_na_ontap_aggregate.TestMyModule" file="modules/test_na_ontap_aggregate.py" line="188" name="test_object_store" time="0.0130860805511"><system-out>&lt;xml&gt;&lt;vserver-info&gt;&lt;vserver-name&gt;12&lt;/vserver-name&gt;&lt;/vserver-info&gt;&lt;attributes-list&gt;&lt;aggr-attributes&gt;&lt;aggregate-name&gt;test_name&lt;/aggregate-name&gt;&lt;aggr-raid-attributes&gt;&lt;state&gt;offline&lt;/state&gt;&lt;/aggr-raid-attributes&gt;&lt;/aggr-attributes&gt;&lt;object-store-information&gt;&lt;object-store-name&gt;abc&lt;/object-store-name&gt;&lt;/object-store-information&gt;&lt;/attributes-list&gt;&lt;num-records&gt;3&lt;/num-records&gt;&lt;/xml&gt;
&lt;xml&gt;&lt;vserver-info&gt;&lt;vserver-name&gt;12&lt;/vserver-name&gt;&lt;/vserver-info&gt;&lt;attributes-list&gt;&lt;aggr-attributes&gt;&lt;aggregate-name&gt;test_name&lt;/aggregate-name&gt;&lt;aggr-raid-attributes&gt;&lt;state&gt;offline&lt;/state&gt;&lt;/aggr-raid-attributes&gt;&lt;/aggr-attributes&gt;&lt;object-store-information&gt;&lt;object-store-name&gt;abc&lt;/object-store-name&gt;&lt;/object-store-information&gt;&lt;/attributes-list&gt;&lt;num-records&gt;3&lt;/num-records&gt;&lt;/xml&gt;
</system-out></testcase><testcase classname="modules.test_na_ontap_autosupport.TestMyModule" file="modules/test_na_ontap_autosupport.py" line="195" name="test_get_called" time="0.0157840251923"></testcase><testcase classname="modules.test_na_ontap_autosupport.TestMyModule" file="modules/test_na_ontap_autosupport.py" line="184" name="test_modify_config" time="0.00562500953674"></testcase><testcase classname="modules.test_na_ontap_aggregate.TestMyModule" file="modules/test_na_ontap_aggregate.py" line="173" name="test_spare_pool" time="0.0136919021606"><system-out>&lt;xml&gt;&lt;vserver-info&gt;&lt;vserver-name&gt;12&lt;/vserver-name&gt;&lt;/vserver-info&gt;&lt;attributes-list&gt;&lt;aggr-attributes&gt;&lt;aggregate-name&gt;test_name&lt;/aggregate-name&gt;&lt;aggr-raid-attributes&gt;&lt;state&gt;offline&lt;/state&gt;&lt;/aggr-raid-attributes&gt;&lt;/aggr-attributes&gt;&lt;object-store-information&gt;&lt;object-store-name&gt;abc&lt;/object-store-name&gt;&lt;/object-store-information&gt;&lt;/attributes-list&gt;&lt;num-records&gt;3&lt;/num-records&gt;&lt;/xml&gt;
</system-out></testcase><testcase classname="modules.test_na_ontap_autosupport.TestMyModule" file="modules/test_na_ontap_autosupport.py" line="222" name="test_modify_packet" time="0.0119769573212"></testcase><testcase classname="modules.test_na_ontap_autosupport.TestMyModule" file="modules/test_na_ontap_autosupport.py" line="161" name="test_result_from_get" time="0.00562381744385"></testcase><testcase classname="modules.test_na_ontap_autosupport.TestMyModule" file="modules/test_na_ontap_autosupport.py" line="143" name="test_enable_asup" time="0.0158860683441"></testcase><testcase classname="modules.test_na_ontap_broadcast_domain.TestMyModule" file="modules/test_na_ontap_broadcast_domain.py" line="154" name="test_create_error_missing_broadcast_domain" time="0.00394606590271"></testcase><testcase classname="modules.test_na_ontap_broadcast_domain.TestMyModule" file="modules/test_na_ontap_broadcast_domain.py" line="212" name="test_delete_ports" time="0.00797820091248"></testcase><testcase classname="modules.test_na_ontap_autosupport.TestMyModule" file="modules/test_na_ontap_autosupport.py" line="203" name="test_modify_called" time="0.0139379501343"></testcase><testcase classname="modules.test_na_ontap_broadcast_domain.TestMyModule" file="modules/test_na_ontap_broadcast_domain.py" line="191" name="test_modify_ipspace_idempotency" time="0.0061662197113"></testcase><testcase classname="modules.test_na_ontap_broadcast_domain.TestMyModule" file="modules/test_na_ontap_broadcast_domain.py" line="141" name="test_module_fail_when_required_args_missing" time="0.00381183624268"><system-out>Info: missing required arguments: username, name, hostname, password
</system-out></testcase><testcase classname="modules.test_na_ontap_broadcast_domain.TestMyModule" file="modules/test_na_ontap_broadcast_domain.py" line="297" name="test_split_broadcast_domain_idempotency" time="0.00647592544556"></testcase><testcase classname="modules.test_na_ontap_autosupport.TestMyModule" file="modules/test_na_ontap_autosupport.py" line="212" name="test_modify_not_called" time="0.0334942340851"></testcase><testcase classname="modules.test_na_ontap_broadcast_domain.TestMyModule" file="modules/test_na_ontap_broadcast_domain.py" line="279" name="test_split_broadcast_domain_not_exist" time="0.00622081756592"></testcase><testcase classname="modules.test_na_ontap_cg_snapshot.TestMyModule" file="modules/test_na_ontap_cg_snapshot.py" line="99" name="test_ensure_command_called" time="0.00495600700378"></testcase><testcase classname="modules.test_na_ontap_cifs.TestMyModule" file="modules/test_na_ontap_cifs.py" line="168" name="test_cifs_create_called" time="0.00641369819641"><system-out>Info: test_cifs_apply: AnsibleExitJson({&apos;changed&apos;: True},)
</system-out></testcase><testcase classname="modules.test_na_ontap_cifs.TestMyModule" file="modules/test_na_ontap_cifs.py" line="197" name="test_cifs_modify_called" time="0.00699377059937"><system-out>&lt;xml&gt;&lt;attributes-list&gt;&lt;cifs-share&gt;&lt;share-name&gt;test&lt;/share-name&gt;&lt;symlink-properties&gt;&lt;cifs-share-symlink-properties&gt;enable&lt;/cifs-share-symlink-properties&gt;&lt;cifs-share-symlink-properties&gt;read_only&lt;/cifs-share-symlink-properties&gt;&lt;/symlink-properties&gt;&lt;vscan-fileop-profile&gt;standard&lt;/vscan-fileop-profile&gt;&lt;share-properties&gt;&lt;cifs-share-properties&gt;browsable&lt;/cifs-share-properties&gt;&lt;cifs-share-properties&gt;oplocks&lt;/cifs-share-properties&gt;&lt;/share-properties&gt;&lt;path&gt;/test&lt;/path&gt;&lt;/cifs-share&gt;&lt;/attributes-list&gt;&lt;num-records&gt;1&lt;/num-records&gt;&lt;/xml&gt;
&lt;xml&gt;&lt;attributes-list&gt;&lt;cifs-share&gt;&lt;share-name&gt;test&lt;/share-name&gt;&lt;symlink-properties&gt;&lt;cifs-share-symlink-properties&gt;enable&lt;/cifs-share-symlink-properties&gt;&lt;cifs-share-symlink-properties&gt;read_only&lt;/cifs-share-symlink-properties&gt;&lt;/symlink-properties&gt;&lt;vscan-fileop-profile&gt;standard&lt;/vscan-fileop-profile&gt;&lt;share-properties&gt;&lt;cifs-share-properties&gt;browsable&lt;/cifs-share-properties&gt;&lt;cifs-share-properties&gt;oplocks&lt;/cifs-share-properties&gt;&lt;/share-properties&gt;&lt;path&gt;/test&lt;/path&gt;&lt;/cifs-share&gt;&lt;/attributes-list&gt;&lt;num-records&gt;1&lt;/num-records&gt;&lt;/xml&gt;
Info: test_cifs_apply: AnsibleExitJson({&apos;changed&apos;: True},)
</system-out></testcase><testcase classname="modules.test_na_ontap_autosupport.TestMyModule" file="modules/test_na_ontap_autosupport.py" line="136" name="test_module_fail_when_required_args_missing" time="0.00768232345581"><system-out>Info: missing required arguments: username, hostname, node_name, password
</system-out></testcase><testcase classname="modules.test_na_ontap_cifs.TestMyModule" file="modules/test_na_ontap_cifs.py" line="140" name="test_ensure_cifs_get_called" time="0.00452995300293"><system-out>Info: test_cifs_share_get: None
</system-out></testcase><testcase classname="modules.test_na_ontap_cifs.TestMyModule" file="modules/test_na_ontap_cifs.py" line="133" name="test_module_fail_when_required_args_missing" time="0.00349903106689"><system-out>Info: missing required arguments: username, share_name, hostname, vserver, password
</system-out></testcase><testcase classname="modules.test_na_ontap_broadcast_domain.TestMyModule" file="modules/test_na_ontap_broadcast_domain.py" line="201" name="test_add_ports" time="0.0130550861359"></testcase><testcase classname="modules.test_na_ontap_cifs_server.TestMyModule" file="modules/test_na_ontap_cifs_server.py" line="151" name="test_ensure_cifs_server_apply_for_delete_called" time="0.00800585746765"><system-out>&lt;xml&gt;&lt;attributes-list&gt;&lt;cifs-server-config&gt;&lt;administrative-status&gt;up&lt;/administrative-status&gt;&lt;cifs-server&gt;delete&lt;/cifs-server&gt;&lt;/cifs-server-config&gt;&lt;/attributes-list&gt;&lt;num-records&gt;1&lt;/num-records&gt;&lt;/xml&gt;
&lt;xml&gt;&lt;attributes-list&gt;&lt;cifs-server-config&gt;&lt;administrative-status&gt;up&lt;/administrative-status&gt;&lt;cifs-server&gt;delete&lt;/cifs-server&gt;&lt;/cifs-server-config&gt;&lt;/attributes-list&gt;&lt;num-records&gt;1&lt;/num-records&gt;&lt;/xml&gt;
Info: test_cifs_server_apply: AnsibleExitJson({&apos;changed&apos;: False},)
&lt;xml&gt;&lt;attributes-list&gt;&lt;cifs-server-config&gt;&lt;administrative-status&gt;up&lt;/administrative-status&gt;&lt;cifs-server&gt;delete&lt;/cifs-server&gt;&lt;/cifs-server-config&gt;&lt;/attributes-list&gt;&lt;num-records&gt;1&lt;/num-records&gt;&lt;/xml&gt;
&lt;xml&gt;&lt;attributes-list&gt;&lt;cifs-server-config&gt;&lt;administrative-status&gt;up&lt;/administrative-status&gt;&lt;cifs-server&gt;delete&lt;/cifs-server&gt;&lt;/cifs-server-config&gt;&lt;/attributes-list&gt;&lt;num-records&gt;1&lt;/num-records&gt;&lt;/xml&gt;
&lt;xml&gt;&lt;attributes-list&gt;&lt;cifs-server-config&gt;&lt;administrative-status&gt;up&lt;/administrative-status&gt;&lt;cifs-server&gt;delete&lt;/cifs-server&gt;&lt;/cifs-server-config&gt;&lt;/attributes-list&gt;&lt;num-records&gt;1&lt;/num-records&gt;&lt;/xml&gt;
Info: test_cifs_server_delete: AnsibleExitJson({&apos;changed&apos;: True},)
</system-out></testcase><testcase classname="modules.test_na_ontap_broadcast_domain.TestMyModule" file="modules/test_na_ontap_broadcast_domain.py" line="174" name="test_create_idempotency" time="0.00578308105469"></testcase><testcase classname="modules.test_na_ontap_cifs_server.TestMyModule" file="modules/test_na_ontap_cifs_server.py" line="174" name="test_ensure_start_cifs_server_called" time="0.0107009410858"><system-out>&lt;xml&gt;&lt;attributes-list&gt;&lt;cifs-server-config&gt;&lt;administrative-status&gt;up&lt;/administrative-status&gt;&lt;cifs-server&gt;test&lt;/cifs-server&gt;&lt;/cifs-server-config&gt;&lt;/attributes-list&gt;&lt;num-records&gt;1&lt;/num-records&gt;&lt;/xml&gt;
&lt;xml&gt;&lt;attributes-list&gt;&lt;cifs-server-config&gt;&lt;administrative-status&gt;up&lt;/administrative-status&gt;&lt;cifs-server&gt;test&lt;/cifs-server&gt;&lt;/cifs-server-config&gt;&lt;/attributes-list&gt;&lt;num-records&gt;1&lt;/num-records&gt;&lt;/xml&gt;
Info: test_ensure_start_cifs_server: AnsibleExitJson({&apos;changed&apos;: False},)
&lt;xml&gt;&lt;attributes-list&gt;&lt;cifs-server-config&gt;&lt;administrative-status&gt;up&lt;/administrative-status&gt;&lt;cifs-server&gt;test&lt;/cifs-server&gt;&lt;/cifs-server-config&gt;&lt;/attributes-list&gt;&lt;num-records&gt;1&lt;/num-records&gt;&lt;/xml&gt;
&lt;xml&gt;&lt;attributes-list&gt;&lt;cifs-server-config&gt;&lt;administrative-status&gt;up&lt;/administrative-status&gt;&lt;cifs-server&gt;test&lt;/cifs-server&gt;&lt;/cifs-server-config&gt;&lt;/attributes-list&gt;&lt;num-records&gt;1&lt;/num-records&gt;&lt;/xml&gt;
&lt;xml&gt;&lt;attributes-list&gt;&lt;cifs-server-config&gt;&lt;administrative-status&gt;up&lt;/administrative-status&gt;&lt;cifs-server&gt;test&lt;/cifs-server&gt;&lt;/cifs-server-config&gt;&lt;/attributes-list&gt;&lt;num-records&gt;1&lt;/num-records&gt;&lt;/xml&gt;
Info: test_ensure_start_cifs_server: AnsibleExitJson({&apos;changed&apos;: True},)
</system-out></testcase><testcase classname="modules.test_na_ontap_broadcast_domain.TestMyModule" file="modules/test_na_ontap_broadcast_domain.py" line="148" name="test_get_nonexistent_net_route" time="0.0117180347443"></testcase><testcase classname="modules.test_na_ontap_broadcast_domain.TestMyModule" file="modules/test_na_ontap_broadcast_domain.py" line="182" name="test_modify_mtu" time="0.00707507133484"></testcase><testcase classname="modules.test_na_ontap_cifs_server.TestMyModule" file="modules/test_na_ontap_cifs_server.py" line="115" name="test_module_fail_when_required_args_missing" time="0.00402593612671"><system-out>Info: missing required arguments: username, hostname, vserver, password, name
</system-out></testcase><testcase classname="modules.test_na_ontap_cluster.TestMyModule" file="modules/test_na_ontap_cluster.py" line="141" name="test_ensure_apply_for_cluster_called" time="0.00997304916382"><system-out>Info: test_cluster_apply: AnsibleExitJson({&apos;changed&apos;: True},)
&lt;xml&gt;&lt;license-v2-status&gt;&lt;method&gt;site&lt;/method&gt;&lt;package&gt;cifs&lt;/package&gt;&lt;/license-v2-status&gt;&lt;/xml&gt;
&lt;xml&gt;&lt;license-v2-status&gt;&lt;method&gt;site&lt;/method&gt;&lt;package&gt;cifs&lt;/package&gt;&lt;/license-v2-status&gt;&lt;/xml&gt;
&lt;xml&gt;&lt;license-v2-status&gt;&lt;method&gt;site&lt;/method&gt;&lt;package&gt;cifs&lt;/package&gt;&lt;/license-v2-status&gt;&lt;/xml&gt;
&lt;xml&gt;&lt;license-v2-status&gt;&lt;method&gt;site&lt;/method&gt;&lt;package&gt;cifs&lt;/package&gt;&lt;/license-v2-status&gt;&lt;/xml&gt;
&lt;xml&gt;&lt;license-v2-status&gt;&lt;method&gt;site&lt;/method&gt;&lt;package&gt;cifs&lt;/package&gt;&lt;/license-v2-status&gt;&lt;/xml&gt;
Info: test_cluster_apply: AnsibleExitJson({&apos;changed&apos;: True},)
</system-out></testcase><testcase classname="modules.test_na_ontap_broadcast_domain.TestMyModule" file="modules/test_na_ontap_broadcast_domain.py" line="223" name="test_split_broadcast_domain" time="0.0120627880096"></testcase><testcase classname="modules.test_na_ontap_cluster.TestMyModule" file="modules/test_na_ontap_cluster.py" line="176" name="test_if_all_methods_catch_exception" time="0.00651812553406"></testcase><testcase classname="modules.test_na_ontap_broadcast_domain.TestMyModule" file="modules/test_na_ontap_broadcast_domain.py" line="250" name="test_split_broadcast_domain_modify_delete" time="0.0181319713593"></testcase><testcase classname="modules.test_na_ontap_cluster_peer.TestMyModule" file="modules/test_na_ontap_cluster_peer.py" line="154" name="test_create_idempotency" time="0.00742316246033"></testcase><testcase classname="modules.test_na_ontap_broadcast_domain.TestMyModule" file="modules/test_na_ontap_broadcast_domain.py" line="164" name="test_successful_create" time="0.0143010616302"></testcase><testcase classname="modules.test_na_ontap_cluster_peer.TestMyModule" file="modules/test_na_ontap_cluster_peer.py" line="135" name="test_module_fail_when_required_args_missing" time="0.019186258316"><system-out>Info: missing required arguments: username, hostname, dest_hostname, password
</system-out></testcase><testcase classname="modules.test_na_ontap_cg_snapshot.TestMyModule" file="modules/test_na_ontap_cg_snapshot.py" line="92" name="test_module_fail_when_required_args_missing" time="0.00348496437073"><system-out>Info: missing required arguments: username, volumes, hostname, vserver, snapshot, password
</system-out></testcase><testcase classname="modules.test_na_ontap_cluster_peer.TestMyModule" file="modules/test_na_ontap_cluster_peer.py" line="174" name="test_successful_delete" time="0.00707387924194"></testcase><testcase classname="modules.test_na_ontap_cifs.TestMyModule" file="modules/test_na_ontap_cifs.py" line="182" name="test_cifs_delete_called" time="0.0137870311737"><system-out>&lt;xml&gt;&lt;attributes-list&gt;&lt;cifs-share&gt;&lt;share-name&gt;test&lt;/share-name&gt;&lt;symlink-properties&gt;&lt;cifs-share-symlink-properties&gt;enable&lt;/cifs-share-symlink-properties&gt;&lt;cifs-share-symlink-properties&gt;read_only&lt;/cifs-share-symlink-properties&gt;&lt;/symlink-properties&gt;&lt;vscan-fileop-profile&gt;standard&lt;/vscan-fileop-profile&gt;&lt;share-properties&gt;&lt;cifs-share-properties&gt;browsable&lt;/cifs-share-properties&gt;&lt;cifs-share-properties&gt;oplocks&lt;/cifs-share-properties&gt;&lt;/share-properties&gt;&lt;path&gt;/test&lt;/path&gt;&lt;/cifs-share&gt;&lt;/attributes-list&gt;&lt;num-records&gt;1&lt;/num-records&gt;&lt;/xml&gt;
&lt;xml&gt;&lt;attributes-list&gt;&lt;cifs-share&gt;&lt;share-name&gt;test&lt;/share-name&gt;&lt;symlink-properties&gt;&lt;cifs-share-symlink-properties&gt;enable&lt;/cifs-share-symlink-properties&gt;&lt;cifs-share-symlink-properties&gt;read_only&lt;/cifs-share-symlink-properties&gt;&lt;/symlink-properties&gt;&lt;vscan-fileop-profile&gt;standard&lt;/vscan-fileop-profile&gt;&lt;share-properties&gt;&lt;cifs-share-properties&gt;browsable&lt;/cifs-share-properties&gt;&lt;cifs-share-properties&gt;oplocks&lt;/cifs-share-properties&gt;&lt;/share-properties&gt;&lt;path&gt;/test&lt;/path&gt;&lt;/cifs-share&gt;&lt;/attributes-list&gt;&lt;num-records&gt;1&lt;/num-records&gt;&lt;/xml&gt;
Info: test_cifs_apply: AnsibleExitJson({&apos;changed&apos;: True},)
</system-out></testcase><testcase classname="modules.test_na_ontap_command.TestMyModule" file="modules/test_na_ontap_command.py" line="158" name="test_advanced_priv" time="0.0144526958466"><system-out>Version (raw): &lt;results&gt;&lt;cli-output&gt;
NetApp Release&lt;/cli-output&gt;&lt;/results&gt;
</system-out></testcase><testcase classname="modules.test_na_ontap_cifs.TestMyModule" file="modules/test_na_ontap_cifs.py" line="149" name="test_ensure_apply_for_cifs_called" time="0.0154507160187"><system-out>Info: test_cifs_apply: AnsibleExitJson({&apos;changed&apos;: True},)
&lt;xml&gt;&lt;attributes-list&gt;&lt;cifs-share&gt;&lt;share-name&gt;test&lt;/share-name&gt;&lt;symlink-properties&gt;&lt;cifs-share-symlink-properties&gt;enable&lt;/cifs-share-symlink-properties&gt;&lt;cifs-share-symlink-properties&gt;read_only&lt;/cifs-share-symlink-properties&gt;&lt;/symlink-properties&gt;&lt;vscan-fileop-profile&gt;standard&lt;/vscan-fileop-profile&gt;&lt;share-properties&gt;&lt;cifs-share-properties&gt;browsable&lt;/cifs-share-properties&gt;&lt;cifs-share-properties&gt;oplocks&lt;/cifs-share-properties&gt;&lt;/share-properties&gt;&lt;path&gt;/test&lt;/path&gt;&lt;/cifs-share&gt;&lt;/attributes-list&gt;&lt;num-records&gt;1&lt;/num-records&gt;&lt;/xml&gt;
&lt;xml&gt;&lt;attributes-list&gt;&lt;cifs-share&gt;&lt;share-name&gt;test&lt;/share-name&gt;&lt;symlink-properties&gt;&lt;cifs-share-symlink-properties&gt;enable&lt;/cifs-share-symlink-properties&gt;&lt;cifs-share-symlink-properties&gt;read_only&lt;/cifs-share-symlink-properties&gt;&lt;/symlink-properties&gt;&lt;vscan-fileop-profile&gt;standard&lt;/vscan-fileop-profile&gt;&lt;share-properties&gt;&lt;cifs-share-properties&gt;browsable&lt;/cifs-share-properties&gt;&lt;cifs-share-properties&gt;oplocks&lt;/cifs-share-properties&gt;&lt;/share-properties&gt;&lt;path&gt;/test&lt;/path&gt;&lt;/cifs-share&gt;&lt;/attributes-list&gt;&lt;num-records&gt;1&lt;/num-records&gt;&lt;/xml&gt;
&lt;xml&gt;&lt;attributes-list&gt;&lt;cifs-share&gt;&lt;share-name&gt;test&lt;/share-name&gt;&lt;symlink-properties&gt;&lt;cifs-share-symlink-properties&gt;enable&lt;/cifs-share-symlink-properties&gt;&lt;cifs-share-symlink-properties&gt;read_only&lt;/cifs-share-symlink-properties&gt;&lt;/symlink-properties&gt;&lt;vscan-fileop-profile&gt;standard&lt;/vscan-fileop-profile&gt;&lt;share-properties&gt;&lt;cifs-share-properties&gt;browsable&lt;/cifs-share-properties&gt;&lt;cifs-share-properties&gt;oplocks&lt;/cifs-share-properties&gt;&lt;/share-properties&gt;&lt;path&gt;/test&lt;/path&gt;&lt;/cifs-share&gt;&lt;/attributes-list&gt;&lt;num-records&gt;1&lt;/num-records&gt;&lt;/xml&gt;
Info: test_cifs_apply: AnsibleExitJson({&apos;changed&apos;: True},)
</system-out></testcase><testcase classname="modules.test_na_ontap_command.TestMyModule" file="modules/test_na_ontap_command.py" line="97" name="test_module_fail_when_required_args_missing" time="0.0103521347046"><system-out>Info: missing required arguments: username, hostname, command, password
</system-out></testcase><testcase classname="modules.test_na_ontap_cifs.TestMyModule" file="modules/test_na_ontap_cifs.py" line="211" name="test_if_all_methods_catch_exception" time="0.0400259494781"></testcase><testcase classname="modules.test_na_ontap_cifs_server.TestMyModule" file="modules/test_na_ontap_cifs_server.py" line="131" name="test_ensure_cifs_server_apply_for_create_called" time="0.00922703742981"><system-out>Info: test_cifs_server_apply: AnsibleExitJson({&apos;changed&apos;: True},)
&lt;xml&gt;&lt;attributes-list&gt;&lt;cifs-server-config&gt;&lt;administrative-status&gt;up&lt;/administrative-status&gt;&lt;cifs-server&gt;create&lt;/cifs-server&gt;&lt;/cifs-server-config&gt;&lt;/attributes-list&gt;&lt;num-records&gt;1&lt;/num-records&gt;&lt;/xml&gt;
&lt;xml&gt;&lt;attributes-list&gt;&lt;cifs-server-config&gt;&lt;administrative-status&gt;up&lt;/administrative-status&gt;&lt;cifs-server&gt;create&lt;/cifs-server&gt;&lt;/cifs-server-config&gt;&lt;/attributes-list&gt;&lt;num-records&gt;1&lt;/num-records&gt;&lt;/xml&gt;
Info: test_cifs_server_apply_for_create: AnsibleExitJson({&apos;changed&apos;: False},)
</system-out></testcase><testcase classname="modules.test_na_ontap_cifs_server.TestMyModule" file="modules/test_na_ontap_cifs_server.py" line="122" name="test_ensure_cifs_server_get_called" time="0.0047082901001"><system-out>Info: test_cifs_server_get: None
</system-out></testcase><testcase classname="modules.test_na_ontap_dns.TestMyModule" file="modules/test_na_ontap_dns.py" line="145" name="test_idempotent_modify_dns" time="0.0283060073853"></testcase><testcase classname="modules.test_na_ontap_cifs_server.TestMyModule" file="modules/test_na_ontap_cifs_server.py" line="198" name="test_ensure_stop_cifs_server_called" time="0.0260331630707"><system-out>&lt;xml&gt;&lt;attributes-list&gt;&lt;cifs-server-config&gt;&lt;administrative-status&gt;down&lt;/administrative-status&gt;&lt;cifs-server&gt;test&lt;/cifs-server&gt;&lt;/cifs-server-config&gt;&lt;/attributes-list&gt;&lt;num-records&gt;1&lt;/num-records&gt;&lt;/xml&gt;
&lt;xml&gt;&lt;attributes-list&gt;&lt;cifs-server-config&gt;&lt;administrative-status&gt;down&lt;/administrative-status&gt;&lt;cifs-server&gt;test&lt;/cifs-server&gt;&lt;/cifs-server-config&gt;&lt;/attributes-list&gt;&lt;num-records&gt;1&lt;/num-records&gt;&lt;/xml&gt;
Info: test_ensure_stop_cifs_server: AnsibleExitJson({&apos;changed&apos;: False},)
&lt;xml&gt;&lt;attributes-list&gt;&lt;cifs-server-config&gt;&lt;administrative-status&gt;down&lt;/administrative-status&gt;&lt;cifs-server&gt;test&lt;/cifs-server&gt;&lt;/cifs-server-config&gt;&lt;/attributes-list&gt;&lt;num-records&gt;1&lt;/num-records&gt;&lt;/xml&gt;
&lt;xml&gt;&lt;attributes-list&gt;&lt;cifs-server-config&gt;&lt;administrative-status&gt;down&lt;/administrative-status&gt;&lt;cifs-server&gt;test&lt;/cifs-server&gt;&lt;/cifs-server-config&gt;&lt;/attributes-list&gt;&lt;num-records&gt;1&lt;/num-records&gt;&lt;/xml&gt;
&lt;xml&gt;&lt;attributes-list&gt;&lt;cifs-server-config&gt;&lt;administrative-status&gt;down&lt;/administrative-status&gt;&lt;cifs-server&gt;test&lt;/cifs-server&gt;&lt;/cifs-server-config&gt;&lt;/attributes-list&gt;&lt;num-records&gt;1&lt;/num-records&gt;&lt;/xml&gt;
Info: test_ensure_stop_cifs_server: AnsibleExitJson({&apos;changed&apos;: True},)
</system-out></testcase><testcase classname="modules.test_na_ontap_dns.TestMyModule" file="modules/test_na_ontap_dns.py" line="178" name="test_rest_error" time="0.0285270214081"></testcase><testcase classname="modules.test_na_ontap_cluster.TestMyModule" file="modules/test_na_ontap_cluster.py" line="161" name="test_cluster_create_called" time="0.0172560214996"><system-out>&lt;xml&gt;&lt;license-v2-status&gt;&lt;method&gt;site&lt;/method&gt;&lt;package&gt;cifs&lt;/package&gt;&lt;/license-v2-status&gt;&lt;/xml&gt;
&lt;xml&gt;&lt;license-v2-status&gt;&lt;method&gt;site&lt;/method&gt;&lt;package&gt;cifs&lt;/package&gt;&lt;/license-v2-status&gt;&lt;/xml&gt;
&lt;xml&gt;&lt;license-v2-status&gt;&lt;method&gt;site&lt;/method&gt;&lt;package&gt;cifs&lt;/package&gt;&lt;/license-v2-status&gt;&lt;/xml&gt;
&lt;xml&gt;&lt;license-v2-status&gt;&lt;method&gt;site&lt;/method&gt;&lt;package&gt;cifs&lt;/package&gt;&lt;/license-v2-status&gt;&lt;/xml&gt;
Info: test_cluster_apply: AnsibleExitJson({&apos;changed&apos;: &lt;MagicMock name=&apos;create_cluster()&apos; id=&apos;94438486259408&apos;&gt;},)
</system-out></testcase><testcase classname="modules.test_na_ontap_dns.TestMyModule" file="modules/test_na_ontap_dns.py" line="233" name="test_rest_idempotently_destroy" time="0.0308849811554"></testcase><testcase classname="modules.test_na_ontap_cluster.TestMyModule" file="modules/test_na_ontap_cluster.py" line="132" name="test_ensure_license_get_called" time="0.0104241371155"><system-out>Info: test_license_get: {}
</system-out></testcase><testcase classname="modules.test_na_ontap_dns.TestMyModule" file="modules/test_na_ontap_dns.py" line="191" name="test_rest_successfully_create" time="0.0164880752563"></testcase><testcase classname="modules.test_na_ontap_dns.TestMyModule" file="modules/test_na_ontap_dns.py" line="247" name="test_rest_successfully_modify" time="0.0117013454437"></testcase><testcase classname="modules.test_na_ontap_cluster.TestMyModule" file="modules/test_na_ontap_cluster.py" line="125" name="test_module_fail_when_required_args_missing" time="0.0194489955902"><system-out>Info: missing required arguments: username, hostname, password
</system-out></testcase><testcase classname="modules.test_na_ontap_cluster_peer.TestMyModule" file="modules/test_na_ontap_cluster_peer.py" line="197" name="test_delete_idempotency" time="0.0232360363007"></testcase><testcase classname="modules.test_na_ontap_dns.TestMyModule" file="modules/test_na_ontap_dns.py" line="152" name="test_successfully_modify_dns" time="0.0394682884216"></testcase><testcase classname="modules.test_na_ontap_efficiency_policy.TestMyModule" file="modules/test_na_ontap_efficiency_policy.py" line="198" name="test_delete_idempotency" time="0.0215759277344"></testcase><testcase classname="modules.test_na_ontap_cluster_peer.TestMyModule" file="modules/test_na_ontap_cluster_peer.py" line="142" name="test_successful_create" time="0.0273578166962"></testcase><testcase classname="modules.test_na_ontap_efficiency_policy.TestMyModule" file="modules/test_na_ontap_efficiency_policy.py" line="152" name="test_get_nonexistent_efficiency_policy" time="0.00457406044006"></testcase><testcase classname="modules.test_na_ontap_command.TestMyModule" file="modules/test_na_ontap_command.py" line="147" name="test_admin_priv" time="0.0294096469879"><system-out>Version (raw): &lt;results&gt;&lt;cli-output&gt;NetApp Release&lt;/cli-output&gt;&lt;/results&gt;
</system-out></testcase><testcase classname="modules.test_na_ontap_efficiency_policy.TestMyModule" file="modules/test_na_ontap_efficiency_policy.py" line="206" name="test_successful_modify" time="0.0254390239716"></testcase><testcase classname="modules.test_na_ontap_command.TestMyModule" file="modules/test_na_ontap_command.py" line="137" name="test_default_priv" time="0.00900101661682"><system-out>Version (raw): &lt;results&gt;&lt;cli-output&gt;NetApp Release&lt;/cli-output&gt;&lt;/results&gt;
</system-out></testcase><testcase classname="modules.test_na_ontap_efficiency_policy.TestMyModule" file="modules/test_na_ontap_efficiency_policy.py" line="190" name="test_successfully_delete" time="0.0224997997284"></testcase><testcase classname="modules.test_na_ontap_dns.TestMyModule" file="modules/test_na_ontap_dns.py" line="160" name="test_idempotent_create_dns" time="0.0229218006134"></testcase><testcase classname="modules.test_na_ontap_efficiency_policy.TestMyModule" file="modules/test_na_ontap_efficiency_policy.py" line="182" name="test_threshold_schedule_failure" time="0.0177240371704"></testcase><testcase classname="modules.test_na_ontap_dns.TestMyModule" file="modules/test_na_ontap_dns.py" line="138" name="test_module_fail_when_required_args_missing" time="0.01491522789"><system-out>Info: missing required arguments: username, hostname, vserver, password
</system-out></testcase><testcase classname="modules.test_na_ontap_export_policy.TestMyModule" file="modules/test_na_ontap_export_policy.py" line="230" name="test_rest_error_create" time="0.0139880180359"></testcase><testcase classname="modules.test_na_ontap_dns.TestMyModule" file="modules/test_na_ontap_dns.py" line="205" name="test_rest_idempotent_create_dns" time="0.0164699554443"></testcase><testcase classname="modules.test_na_ontap_export_policy.TestMyModule" file="modules/test_na_ontap_export_policy.py" line="267" name="test_rest_error_rename" time="0.00581216812134"></testcase><testcase classname="modules.test_na_ontap_dns.TestMyModule" file="modules/test_na_ontap_dns.py" line="262" name="test_rest_idempotently_modify" time="0.0375320911407"></testcase><testcase classname="modules.test_na_ontap_export_policy.TestMyModule" file="modules/test_na_ontap_export_policy.py" line="193" name="test_rest_successful_delete" time="0.00932288169861"></testcase><testcase classname="modules.test_na_ontap_dns.TestMyModule" file="modules/test_na_ontap_dns.py" line="218" name="test_rest_successfully_destroy" time="0.0342798233032"></testcase><testcase classname="modules.test_na_ontap_export_policy.TestMyModule" file="modules/test_na_ontap_export_policy.py" line="150" name="test_successful_create" time="0.0358049869537"></testcase><testcase classname="modules.test_na_ontap_dns.TestMyModule" file="modules/test_na_ontap_dns.py" line="168" name="test_successfully_create_dns" time="0.0246458053589"><system-out>create dns
</system-out></testcase><testcase classname="modules.test_na_ontap_export_policy_rule.TestMyModule" file="modules/test_na_ontap_export_policy_rule.py" line="213" name="test_create_idempotency" time="0.0215682983398"></testcase><testcase classname="modules.test_na_ontap_export_policy_rule.TestMyModule" file="modules/test_na_ontap_export_policy_rule.py" line="230" name="test_delete_idempotency" time="0.00671410560608"></testcase><testcase classname="modules.test_na_ontap_efficiency_policy.TestMyModule" file="modules/test_na_ontap_efficiency_policy.py" line="168" name="test_create_idempotency" time="0.0156219005585"></testcase><testcase classname="modules.test_na_ontap_export_policy_rule.TestMyModule" file="modules/test_na_ontap_export_policy_rule.py" line="189" name="test_get_existing_policy" time="0.0115036964417"></testcase><testcase classname="modules.test_na_ontap_efficiency_policy.TestMyModule" file="modules/test_na_ontap_efficiency_policy.py" line="157" name="test_get_existing_scanner" time="0.0208058357239"></testcase><testcase classname="modules.test_na_ontap_export_policy_rule.TestMyModule" file="modules/test_na_ontap_export_policy_rule.py" line="174" name="test_get_nonexistent_policy" time="0.0126230716705"></testcase><testcase classname="modules.test_na_ontap_efficiency_policy.TestMyModule" file="modules/test_na_ontap_efficiency_policy.py" line="145" name="test_module_fail_when_required_args_missing" time="0.0160450935364"><system-out>Info: missing required arguments: username, hostname, policy_name, vserver, password
</system-out></testcase><testcase classname="modules.test_na_ontap_export_policy_rule.TestMyModule" file="modules/test_na_ontap_export_policy_rule.py" line="259" name="test_helper_query_parameters" time="0.0163638591766"><system-out>{&apos;query&apos;: {&apos;export-rule-info&apos;: {&apos;vserver&apos;: &apos;test&apos;, &apos;policy-name&apos;: &apos;test&apos;, &apos;rule-index&apos;: 10}}}
</system-out></testcase><testcase classname="modules.test_na_ontap_efficiency_policy.TestMyModule" file="modules/test_na_ontap_efficiency_policy.py" line="162" name="test_successfully_create" time="0.0147037506104"></testcase><testcase classname="modules.test_na_ontap_export_policy_rule.TestMyModule" file="modules/test_na_ontap_export_policy_rule.py" line="206" name="test_successful_create" time="0.0152981281281"></testcase><testcase classname="modules.test_na_ontap_efficiency_policy.TestMyModule" file="modules/test_na_ontap_efficiency_policy.py" line="174" name="test_threshold_duration_failure" time="0.0150351524353"></testcase><testcase classname="modules.test_na_ontap_export_policy_rule.TestMyModule" file="modules/test_na_ontap_export_policy_rule.py" line="239" name="test_successful_modify" time="0.021320104599"></testcase><testcase classname="modules.test_na_ontap_export_policy.TestMyModule" file="modules/test_na_ontap_export_policy.py" line="143" name="test_module_fail_when_required_args_missing" time="0.0133666992188"><system-out>Info: missing required arguments: username, name, hostname, vserver, password
</system-out></testcase><testcase classname="modules.test_na_ontap_firewall_policy.TestMyModule" file="modules/test_na_ontap_firewall_policy.py" line="236" name="test_delete_idempotency" time="0.0130488872528"></testcase><testcase classname="modules.test_na_ontap_firewall_policy.TestMyModule" file="modules/test_na_ontap_firewall_policy.py" line="205" name="test_get_existing_policy" time="0.0164363384247"></testcase><testcase classname="modules.test_na_ontap_export_policy.TestMyModule" file="modules/test_na_ontap_export_policy.py" line="248" name="test_rest_error_delete" time="0.0222508907318"></testcase><testcase classname="modules.test_na_ontap_firewall_policy.TestMyModule" file="modules/test_na_ontap_firewall_policy.py" line="199" name="test_get_nonexistent_policy" time="0.00602197647095"></testcase><testcase classname="modules.test_na_ontap_export_policy.TestMyModule" file="modules/test_na_ontap_export_policy.py" line="176" name="test_rest_successful_create" time="0.0214519500732"></testcase><testcase classname="modules.test_na_ontap_export_policy.TestMyModule" file="modules/test_na_ontap_export_policy.py" line="211" name="test_rest_successful_rename" time="0.00592517852783"></testcase><testcase classname="modules.test_na_ontap_firewall_policy.TestMyModule" file="modules/test_na_ontap_firewall_policy.py" line="187" name="test_helper_validate_ip_addresses_negative" time="0.0161190032959"></testcase><testcase classname="modules.test_na_ontap_firewall_policy.TestMyModule" file="modules/test_na_ontap_firewall_policy.py" line="164" name="test_module_fail_when_required_args_missing" time="0.00432300567627"><system-out>Info: missing required arguments: username, hostname, password
</system-out></testcase><testcase classname="modules.test_na_ontap_firewall_policy.TestMyModule" file="modules/test_na_ontap_firewall_policy.py" line="227" name="test_successful_delete" time="0.00546407699585"></testcase><testcase classname="modules.test_na_ontap_firewall_policy.TestMyModule" file="modules/test_na_ontap_firewall_policy.py" line="286" name="test_successful_modify_config" time="0.00502300262451"></testcase><testcase classname="modules.test_na_ontap_export_policy.TestMyModule" file="modules/test_na_ontap_export_policy.py" line="160" name="test_successful_rename" time="0.0304172039032"></testcase><testcase classname="modules.test_na_ontap_export_policy_rule.TestMyModule" file="modules/test_na_ontap_export_policy_rule.py" line="196" name="test_create_missing_param_error" time="0.00977182388306"></testcase><testcase classname="modules.test_na_ontap_firewall_policy.TestMyModule" file="modules/test_na_ontap_firewall_policy.py" line="263" name="test_successful_modify_mutiple_ips_contain_existing" time="0.0209739208221"></testcase><testcase classname="modules.test_na_ontap_firmware_upgrade.TestMyModule" file="modules/test_na_ontap_firmware_upgrade.py" line="275" name="test_disk_firmware_upgrade" time="0.0102167129517"><system-out>Info: test_firmware_upgrade_apply: AnsibleExitJson({&apos;changed&apos;: &lt;MagicMock name=&apos;disk_firmware_upgrade()&apos; id=&apos;94887748856976&apos;&gt;},)
</system-out></testcase><testcase classname="modules.test_na_ontap_export_policy_rule.TestMyModule" file="modules/test_na_ontap_export_policy_rule.py" line="249" name="test_error_on_ambiguous_delete" time="0.0122199058533"></testcase><testcase classname="modules.test_na_ontap_firmware_upgrade.TestMyModule" file="modules/test_na_ontap_firmware_upgrade.py" line="218" name="test_ensure_apply_for_firmware_upgrade_called" time="0.015175819397"><system-out>Info: test_firmware_upgrade_apply: AnsibleExitJson({&apos;changed&apos;: False},)
&lt;xml&gt;&lt;attributes-list&gt;&lt;service-processor-info&gt;&lt;firmware-version&gt;3.4&lt;/firmware-version&gt;&lt;/service-processor-info&gt;&lt;/attributes-list&gt;&lt;num-records&gt;1&lt;/num-records&gt;&lt;/xml&gt;
Info: test_firmware_upgrade_apply: AnsibleExitJson({&apos;changed&apos;: True},)
</system-out></testcase><testcase classname="modules.test_na_ontap_export_policy_rule.TestMyModule" file="modules/test_na_ontap_export_policy_rule.py" line="180" name="test_get_existing_rule" time="0.00949215888977"></testcase><testcase classname="modules.test_na_ontap_firmware_upgrade.TestMyModule" file="modules/test_na_ontap_firmware_upgrade.py" line="179" name="test_ensure_sp_firmware_get_called" time="0.00497007369995"><system-out>Info: test_firmware_upgrade_get: None
</system-out></testcase><testcase classname="modules.test_na_ontap_export_policy_rule.TestMyModule" file="modules/test_na_ontap_export_policy_rule.py" line="168" name="test_get_nonexistent_rule" time="0.00605010986328"></testcase><testcase classname="modules.test_na_ontap_firmware_upgrade.TestMyModule" file="modules/test_na_ontap_firmware_upgrade.py" line="154" name="test_missing_parameters" time="0.00409698486328"><system-out>Info: missing required arguments: firmware_type
</system-out></testcase><testcase classname="modules.test_na_ontap_firmware_upgrade.TestMyModule" file="modules/test_na_ontap_firmware_upgrade.py" line="243" name="test_shelf_firmware_upgrade" time="0.00509214401245"><system-out>Info: test_firmware_upgrade_apply: AnsibleExitJson({&apos;changed&apos;: True},)
</system-out></testcase><testcase classname="modules.test_na_ontap_export_policy_rule.TestMyModule" file="modules/test_na_ontap_export_policy_rule.py" line="161" name="test_module_fail_when_required_args_missing" time="0.00413513183594"><system-out>Info: missing required arguments: username, name, hostname, vserver, password
</system-out></testcase><testcase classname="modules.test_na_ontap_flexcache.TestMyModule" file="modules/test_na_ontap_flexcache.py" line="309" name="test_create_flexcache_autoprovision" time="0.00938200950623"><system-out>Create: AnsibleExitJson({&apos;changed&apos;: True},)
</system-out></testcase><testcase classname="modules.test_na_ontap_export_policy_rule.TestMyModule" file="modules/test_na_ontap_export_policy_rule.py" line="220" name="test_successful_delete_without_rule_index" time="0.0147879123688"></testcase><testcase classname="modules.test_na_ontap_flexcache.TestMyModule" file="modules/test_na_ontap_flexcache.py" line="290" name="test_create_flexcache_idempotent" time="0.0111587047577"><system-out>Create: AnsibleExitJson({&apos;changed&apos;: False},)
</system-out></testcase><testcase classname="modules.test_na_ontap_firewall_policy.TestMyModule" file="modules/test_na_ontap_firewall_policy.py" line="220" name="test_create_idempotency" time="0.0138258934021"></testcase><testcase classname="modules.test_na_ontap_flexcache.TestMyModule" file="modules/test_na_ontap_flexcache.py" line="377" name="test_create_flexcache_multiplier_idempotent" time="0.0160429477692"><system-out>Create: AnsibleExitJson({&apos;changed&apos;: False},)
</system-out></testcase><testcase classname="modules.test_na_ontap_firewall_policy.TestMyModule" file="modules/test_na_ontap_firewall_policy.py" line="278" name="test_get_existing_config" time="0.0216865539551"></testcase><testcase classname="modules.test_na_ontap_firewall_policy.TestMyModule" file="modules/test_na_ontap_firewall_policy.py" line="272" name="test_get_nonexistent_config" time="0.00659680366516"></testcase><testcase classname="modules.test_na_ontap_firewall_policy.TestMyModule" file="modules/test_na_ontap_firewall_policy.py" line="171" name="test_helper_firewall_policy_attributes" time="0.0157070159912"></testcase><testcase classname="modules.test_na_ontap_firewall_policy.TestMyModule" file="modules/test_na_ontap_firewall_policy.py" line="179" name="test_helper_validate_ip_addresses_positive" time="0.00930404663086"></testcase><testcase classname="modules.test_na_ontap_firewall_policy.TestMyModule" file="modules/test_na_ontap_firewall_policy.py" line="213" name="test_successful_create" time="0.00982689857483"></testcase><testcase classname="modules.test_na_ontap_firewall_policy.TestMyModule" file="modules/test_na_ontap_firewall_policy.py" line="245" name="test_successful_modify" time="0.0158340930939"></testcase><testcase classname="modules.test_na_ontap_firewall_policy.TestMyModule" file="modules/test_na_ontap_firewall_policy.py" line="254" name="test_successful_modify_mutiple_ips" time="0.0113382339478"></testcase><testcase classname="modules.test_na_ontap_firmware_upgrade.TestMyModule" file="modules/test_na_ontap_firmware_upgrade.py" line="258" name="test_acp_firmware_upgrade" time="0.00721311569214"><system-out>Info: test_firmware_upgrade_apply: AnsibleExitJson({&apos;changed&apos;: True},)
</system-out></testcase><testcase classname="modules.test_na_ontap_firmware_upgrade.TestMyModule" file="modules/test_na_ontap_firmware_upgrade.py" line="205" name="test_ensure_acp_firmware_required_get_called" time="0.00986003875732"><system-out>&lt;xml&gt;&lt;attributes-list&gt;&lt;storage-shelf-acp-module&gt;&lt;state&gt;firmware_update_required&lt;/state&gt;&lt;/storage-shelf-acp-module&gt;&lt;/attributes-list&gt;&lt;/xml&gt;
Info: test_acp_firmware_upgrade_required_get: True
</system-out></testcase><testcase classname="modules.test_na_ontap_firmware_upgrade.TestMyModule" file="modules/test_na_ontap_firmware_upgrade.py" line="191" name="test_ensure_firmware_get_with_package_baseline_called" time="0.00471472740173"><system-out>info: Do not specify both package and install_baseline_image: true
</system-out></testcase><testcase classname="modules.test_na_ontap_firmware_upgrade.TestMyModule" file="modules/test_na_ontap_firmware_upgrade.py" line="166" name="test_invalid_firmware_type_parameters" time="0.00413632392883"><system-out>Info: value of firmware_type must be one of: service-processor, shelf, acp, disk, got: service_test
</system-out></testcase><testcase classname="modules.test_na_ontap_firmware_upgrade.TestMyModule" file="modules/test_na_ontap_firmware_upgrade.py" line="147" name="test_module_fail_when_required_args_missing" time="0.00355792045593"><system-out>Info: missing required arguments: username, hostname, firmware_type, password
</system-out></testcase><testcase classname="modules.test_na_ontap_flexcache.TestMyModule" file="modules/test_na_ontap_flexcache.py" line="265" name="test_create_flexcache" time="0.0366661548615"><system-out>Create: AnsibleExitJson({&apos;changed&apos;: True},)
</system-out></testcase><testcase classname="modules.test_na_ontap_flexcache.TestMyModule" file="modules/test_na_ontap_flexcache.py" line="333" name="test_create_flexcache_autoprovision_idempotent" time="0.00617980957031"><system-out>Create: AnsibleExitJson({&apos;changed&apos;: False},)
</system-out></testcase><testcase classname="modules.test_na_ontap_flexcache.TestMyModule" file="modules/test_na_ontap_flexcache.py" line="352" name="test_create_flexcache_multiplier" time="0.013200044632"><system-out>Create: AnsibleExitJson({&apos;changed&apos;: True},)
</system-out></testcase><testcase classname="modules.test_na_ontap_flexcache.TestMyModule" file="modules/test_na_ontap_flexcache.py" line="478" name="test_create_flexcache_size_error" time="0.010724067688"><system-out>Create: AnsibleFailJson({&apos;msg&apos;: &apos;Error when creating flexcache: Size &quot;50MB&quot; (&quot;52428800B&quot;) is too small.  Minimum size is &quot;80MB&quot; (&quot;83886080B&quot;). &apos;, &apos;failed&apos;: True},)
</system-out></testcase><testcase classname="modules.test_na_ontap_flexcache.TestMyModule" file="modules/test_na_ontap_flexcache.py" line="431" name="test_delete_flexcache_exists_junctionpath_no_force" time="0.00724387168884"><system-out>Delete: AnsibleFailJson({&apos;msg&apos;: &apos;Error deleting FlexCache : NetApp API failed. Reason - 160:Volume volume on Vserver ansibleSVM must be unmounted before being taken offline or restricted.&apos;, &apos;failed&apos;: True, &apos;exception&apos;: &apos;Traceback (most recent call last):\n  File &quot;/root/ansible/ansible_collections/netapp/ontap/plugins/modules/na_ontap_flexcache.py&quot;, line 404, in flexcache_delete_async\n    result = self.server.invoke_successfully(flexcache_delete, enable_tunneling=True)\n  File &quot;/root/ansible/ansible_collections/netapp/ontap/tests/unit/plugins/modules/test_na_ontap_flexcache.py&quot;, line 75, in invoke_successfully\n    raise netapp_utils.zapi.NaApiError(code, message)\nNaApiError: NetApp API failed. Reason - 160:Volume volume on Vserver ansibleSVM must be unmounted before being taken offline or restricted.\n&apos;},)
</system-out></testcase><testcase classname="modules.test_na_ontap_flexcache.TestMyModule" file="modules/test_na_ontap_flexcache.py" line="397" name="test_delete_flexcache_exists_no_force" time="0.00721311569214"><system-out>Delete: AnsibleFailJson({&apos;msg&apos;: &apos;Error deleting FlexCache : NetApp API failed. Reason - 13001:Volume volume in Vserver ansibleSVM must be offline to be deleted. Use &quot;volume offline -vserver ansibleSVM -volume volume&quot; command to offline the volume&apos;, &apos;failed&apos;: True, &apos;exception&apos;: &apos;Traceback (most recent call last):\n  File &quot;/root/ansible/ansible_collections/netapp/ontap/plugins/modules/na_ontap_flexcache.py&quot;, line 404, in flexcache_delete_async\n    result = self.server.invoke_successfully(flexcache_delete, enable_tunneling=True)\n  File &quot;/root/ansible/ansible_collections/netapp/ontap/tests/unit/plugins/modules/test_na_ontap_flexcache.py&quot;, line 75, in invoke_successfully\n    raise netapp_utils.zapi.NaApiError(code, message)\nNaApiError: NetApp API failed. Reason - 13001:Volume volume in Vserver ansibleSVM must be offline to be deleted. Use &quot;volume offline -vserver ansibleSVM -volume volume&quot; command to offline the volume\n&apos;},)
</system-out></testcase><testcase classname="modules.test_na_ontap_flexcache.TestMyModule" file="modules/test_na_ontap_flexcache.py" line="465" name="test_delete_flexcache_not_exist" time="0.00727295875549"><system-out>Delete: AnsibleExitJson({&apos;changed&apos;: False},)
</system-out></testcase><testcase classname="modules.test_na_ontap_flexcache.TestMyModule" file="modules/test_na_ontap_flexcache.py" line="249" name="test_get_flexcache_double" time="0.00522685050964"></testcase><testcase classname="modules.test_na_ontap_flexcache.TestMyModule" file="modules/test_na_ontap_flexcache.py" line="200" name="test_missing_parameters" time="0.00960302352905"></testcase><testcase classname="modules.test_na_ontap_igroup.TestMyModule" file="modules/test_na_ontap_igroup.py" line="162" name="test_get_existing_igroup_with_initiators" time="0.00911021232605"></testcase><testcase classname="modules.test_na_ontap_igroup.TestMyModule" file="modules/test_na_ontap_igroup.py" line="155" name="test_get_nonexistent_igroup" time="0.00665998458862"></testcase><testcase classname="modules.test_na_ontap_igroup.TestMyModule" file="modules/test_na_ontap_igroup.py" line="203" name="test_modify_called_from_remove" time="0.00799798965454"></testcase><testcase classname="modules.test_na_ontap_job_schedule.TestMyModule" file="modules/test_na_ontap_job_schedule.py" line="327" name="test_rest_error" time="0.0141129493713"></testcase><testcase classname="modules.test_na_ontap_job_schedule.TestMyModule" file="modules/test_na_ontap_job_schedule.py" line="297" name="test_rest_successful_create" time="0.0130581855774"></testcase><testcase classname="modules.test_na_ontap_job_schedule.TestMyModule" file="modules/test_na_ontap_job_schedule.py" line="248" name="test_successful_create" time="0.0183990001678"></testcase><testcase classname="modules.test_na_ontap_job_schedule.TestMyModule" file="modules/test_na_ontap_job_schedule.py" line="262" name="test_successful_delete" time="0.0169718265533"></testcase><testcase classname="modules.test_na_ontap_job_schedule.TestMyModule" file="modules/test_na_ontap_job_schedule.py" line="280" name="test_successful_modify" time="0.0167570114136"></testcase><testcase classname="modules.test_na_ontap_kerberos_realm.TestMyModule" file="modules/test_na_ontap_kerberos_realm.py" line="184" name="test_get_existing_realm" time="0.00927639007568"></testcase><testcase classname="modules.test_na_ontap_kerberos_realm.TestMyModule" file="modules/test_na_ontap_kerberos_realm.py" line="172" name="test_get_nonexistent_realm" time="0.00470304489136"></testcase><testcase classname="modules.test_na_ontap_kerberos_realm.TestMyModule" file="modules/test_na_ontap_kerberos_realm.py" line="153" name="test_module_fail_when_required_args_missing" time="0.00329899787903"><system-out>Info: missing required arguments: username, realm, hostname, vserver, password
</system-out></testcase><testcase classname="modules.test_na_ontap_kerberos_realm.TestMyModule" file="modules/test_na_ontap_kerberos_realm.py" line="161" name="test_module_fail_when_state_present_required_args_missing" time="0.00771498680115"><system-out>Info: state is present but all of the following are missing: kdc_vendor, kdc_ip
</system-out></testcase><testcase classname="modules.test_na_ontap_kerberos_realm.TestMyModule" file="modules/test_na_ontap_kerberos_realm.py" line="224" name="test_successfully_create_realm" time="0.00741696357727"></testcase><testcase classname="modules.test_na_ontap_kerberos_realm.TestMyModule" file="modules/test_na_ontap_kerberos_realm.py" line="210" name="test_successfully_delete_realm" time="0.00672292709351"></testcase><testcase classname="modules.test_na_ontap_kerberos_realm.TestMyModule" file="modules/test_na_ontap_kerberos_realm.py" line="196" name="test_successfully_modify_realm" time="0.009929895401"></testcase><testcase classname="modules.test_na_ontap_lun_copy.TestMyModule" file="modules/test_na_ontap_lun_copy.py" line="153" name="test_copy_idempotency" time="0.00499844551086"></testcase><testcase classname="modules.test_na_ontap_lun_copy.TestMyModule" file="modules/test_na_ontap_lun_copy.py" line="132" name="test_create_error_missing_param" time="0.00342893600464"></testcase><testcase classname="modules.test_na_ontap_lun_copy.TestMyModule" file="modules/test_na_ontap_lun_copy.py" line="125" name="test_module_fail_when_required_args_missing" time="0.00342631340027"><system-out>Info: missing required arguments: username, destination_vserver, destination_path, hostname, source_path, password
</system-out></testcase><testcase classname="modules.test_na_ontap_lun_copy.TestMyModule" file="modules/test_na_ontap_lun_copy.py" line="145" name="test_successful_copy" time="0.00506210327148"></testcase><testcase classname="modules.test_na_ontap_lun_map.TestMyModule" file="modules/test_na_ontap_lun_map.py" line="122" name="test_ensure_get_called" time="0.00422096252441"></testcase><testcase classname="modules.test_na_ontap_lun_map.TestMyModule" file="modules/test_na_ontap_lun_map.py" line="129" name="test_ensure_get_called_existing" time="0.00441312789917"></testcase><testcase classname="modules.test_na_ontap_lun_map.TestMyModule" file="modules/test_na_ontap_lun_map.py" line="178" name="test_if_all_methods_catch_exception" time="0.00510096549988"></testcase><testcase classname="modules.test_na_ontap_lun_map.TestMyModule" file="modules/test_na_ontap_lun_map.py" line="115" name="test_module_fail_when_required_args_missing" time="0.00349092483521"><system-out>Info: missing required arguments: username, hostname, vserver, initiator_group_name, path, password
</system-out></testcase><testcase classname="modules.test_na_ontap_lun_map.TestMyModule" file="modules/test_na_ontap_lun_map.py" line="136" name="test_successful_create" time="0.0131962299347"></testcase><testcase classname="modules.test_na_ontap_lun_map.TestMyModule" file="modules/test_na_ontap_lun_map.py" line="157" name="test_successful_delete" time="0.011039018631"></testcase><testcase classname="modules.test_na_ontap_motd.TestMyModule" file="modules/test_na_ontap_motd.py" line="145" name="test_ensure_get_called_existing" time="0.00474214553833"><system-out>&lt;xml&gt;&lt;attributes-list&gt;&lt;vserver-motd-info&gt;&lt;vserver&gt;ansible&lt;/vserver&gt;&lt;is-cluster-message-enabled&gt;true&lt;/is-cluster-message-enabled&gt;&lt;message&gt;ansible&lt;/message&gt;&lt;/vserver-motd-info&gt;&lt;/attributes-list&gt;&lt;num-records&gt;1&lt;/num-records&gt;&lt;/xml&gt;
</system-out></testcase><testcase classname="modules.test_na_ontap_motd.TestMyModule" file="modules/test_na_ontap_motd.py" line="138" name="test_ensure_motd_get_called" time="0.00739479064941"></testcase><testcase classname="modules.test_na_ontap_motd.TestMyModule" file="modules/test_na_ontap_motd.py" line="170" name="test_if_all_methods_catch_exception" time="0.00627684593201"></testcase><testcase classname="modules.test_na_ontap_motd.TestMyModule" file="modules/test_na_ontap_motd.py" line="131" name="test_module_fail_when_required_args_missing" time="0.00376033782959"><system-out>Info: missing required arguments: username, hostname, vserver, password
</system-out></testcase><testcase classname="modules.test_na_ontap_motd.TestMyModule" file="modules/test_na_ontap_motd.py" line="152" name="test_motd_create" time="0.0118999481201"><system-out>&lt;xml&gt;&lt;attributes-list&gt;&lt;vserver-motd-info&gt;&lt;vserver&gt;ansible&lt;/vserver&gt;&lt;is-cluster-message-enabled&gt;true&lt;/is-cluster-message-enabled&gt;&lt;message&gt;ansible&lt;/message&gt;&lt;/vserver-motd-info&gt;&lt;/attributes-list&gt;&lt;num-records&gt;1&lt;/num-records&gt;&lt;/xml&gt;
&lt;xml&gt;&lt;attributes-list&gt;&lt;vserver-motd-info&gt;&lt;vserver&gt;ansible&lt;/vserver&gt;&lt;is-cluster-message-enabled&gt;true&lt;/is-cluster-message-enabled&gt;&lt;message&gt;ansible&lt;/message&gt;&lt;/vserver-motd-info&gt;&lt;/attributes-list&gt;&lt;num-records&gt;1&lt;/num-records&gt;&lt;/xml&gt;
</system-out></testcase><testcase classname="modules.test_na_ontap_motd.TestMyModule" file="modules/test_na_ontap_motd.py" line="162" name="test_motd_delete" time="0.0119326114655"><system-out>&lt;xml&gt;&lt;attributes-list&gt;&lt;vserver-motd-info&gt;&lt;vserver&gt;ansible&lt;/vserver&gt;&lt;is-cluster-message-enabled&gt;true&lt;/is-cluster-message-enabled&gt;&lt;message&gt;ansible&lt;/message&gt;&lt;/vserver-motd-info&gt;&lt;/attributes-list&gt;&lt;num-records&gt;1&lt;/num-records&gt;&lt;/xml&gt;
&lt;xml&gt;&lt;attributes-list&gt;&lt;vserver-motd-info&gt;&lt;vserver&gt;ansible&lt;/vserver&gt;&lt;is-cluster-message-enabled&gt;true&lt;/is-cluster-message-enabled&gt;&lt;message&gt;ansible&lt;/message&gt;&lt;/vserver-motd-info&gt;&lt;/attributes-list&gt;&lt;num-records&gt;1&lt;/num-records&gt;&lt;/xml&gt;
&lt;xml&gt;&lt;attributes-list&gt;&lt;vserver-motd-info&gt;&lt;vserver&gt;ansible&lt;/vserver&gt;&lt;is-cluster-message-enabled&gt;true&lt;/is-cluster-message-enabled&gt;&lt;message&gt;ansible&lt;/message&gt;&lt;/vserver-motd-info&gt;&lt;/attributes-list&gt;&lt;num-records&gt;1&lt;/num-records&gt;&lt;/xml&gt;
</system-out></testcase><testcase classname="modules.test_na_ontap_name_service_switch.TestMyModule" file="modules/test_na_ontap_name_service_switch.py" line="164" name="test_error" time="0.0268549919128"><system-out>/root/ansible/ansible_collections/netapp/ontap/tests/unit/plugins/modules/test_na_ontap_name_service_switch.py:49: AnsibleFailJson: {&apos;msg&apos;: &apos;Error on creating name service switch config on vserver test_vserver: NetApp API failed. Reason - test:error&apos;, &apos;failed&apos;: True, &apos;exception&apos;: &apos;Traceback (most recent call last):\n  File &quot;/root/ansible/ansible_collections/netapp/ontap/plugins/modules/na_ontap_name_service_switch.py&quot;, line 147, in create_name_service_switch\n    enable_tunneling=True)\n  File &quot;/root/ansible/ansible_collections/netapp/ontap/tests/unit/plugins/modules/test_na_ontap_name_service_switch.py&quot;, line 69, in invoke_successfully\n    raise error\nNaApiError: NetApp API failed. Reason - test:error\n&apos;}
/root/ansible/ansible_collections/netapp/ontap/tests/unit/plugins/modules/test_na_ontap_name_service_switch.py:49: AnsibleFailJson: {&apos;msg&apos;: &apos;Error on modifying name service switch config on vserver test_vserver: NetApp API failed. Reason - test:error&apos;, &apos;failed&apos;: True, &apos;exception&apos;: &apos;Traceback (most recent call last):\n  File &quot;/root/ansible/ansible_collections/netapp/ontap/plugins/modules/na_ontap_name_service_switch.py&quot;, line 182, in modify_name_service_switch\n    self.server.invoke_successfully(nss_modify, enable_tunneling=True)\n  File &quot;/root/ansible/ansible_collections/netapp/ontap/tests/unit/plugins/modules/test_na_ontap_name_service_switch.py&quot;, line 69, in invoke_successfully\n    raise error\nNaApiError: NetApp API failed. Reason - test:error\n&apos;}
/root/ansible/ansible_collections/netapp/ontap/tests/unit/plugins/modules/test_na_ontap_name_service_switch.py:49: AnsibleFailJson: {&apos;msg&apos;: &apos;Error on deleting name service switch config on vserver test_vserver: NetApp API failed. Reason - test:error&apos;, &apos;failed&apos;: True, &apos;exception&apos;: &apos;Traceback (most recent call last):\n  File &quot;/root/ansible/ansible_collections/netapp/ontap/plugins/modules/na_ontap_name_service_switch.py&quot;, line 162, in delete_name_service_switch\n    enable_tunneling=True)\n  File &quot;/root/ansible/ansible_collections/netapp/ontap/tests/unit/plugins/modules/test_na_ontap_name_service_switch.py&quot;, line 69, in invoke_successfully\n    raise error\nNaApiError: NetApp API failed. Reason - test:error\n&apos;}
</system-out></testcase><testcase classname="modules.test_na_ontap_name_service_switch.TestMyModule" file="modules/test_na_ontap_name_service_switch.py" line="137" name="test_get_existing_nss" time="0.0147759914398"></testcase><testcase classname="modules.test_na_ontap_name_service_switch.TestMyModule" file="modules/test_na_ontap_name_service_switch.py" line="132" name="test_get_nonexistent_nss" time="0.0125367641449"></testcase><testcase classname="modules.test_na_ontap_name_service_switch.TestMyModule" file="modules/test_na_ontap_name_service_switch.py" line="126" name="test_module_fail_when_required_args_missing" time="0.00722599029541"><system-out>Info: missing required arguments: username, hostname, database_type, vserver, password
</system-out></testcase><testcase classname="modules.test_na_ontap_name_service_switch.TestMyModule" file="modules/test_na_ontap_name_service_switch.py" line="142" name="test_successfully_create" time="0.0053448677063"></testcase><testcase classname="modules.test_na_ontap_name_service_switch.TestMyModule" file="modules/test_na_ontap_name_service_switch.py" line="156" name="test_successfully_delete" time="0.0124299526215"></testcase><testcase classname="modules.test_na_ontap_name_service_switch.TestMyModule" file="modules/test_na_ontap_name_service_switch.py" line="148" name="test_successfully_modify" time="0.00966024398804"></testcase><testcase classname="modules.test_na_ontap_ndmp.TestMyModule" file="modules/test_na_ontap_ndmp.py" line="179" name="test_modify_error" time="0.0151042938232"></testcase><testcase classname="modules.test_na_ontap_ndmp.TestMyModule" file="modules/test_na_ontap_ndmp.py" line="195" name="test_rest_error" time="0.00541806221008"></testcase><testcase classname="modules.test_na_ontap_ndmp.TestMyModule" file="modules/test_na_ontap_ndmp.py" line="209" name="test_rest_successfully_modify" time="0.00700640678406"></testcase><testcase classname="modules.test_na_ontap_ndmp.TestMyModule" file="modules/test_na_ontap_ndmp.py" line="163" name="test_successful_modify" time="0.0142650604248"></testcase><testcase classname="modules.test_na_ontap_net_ifgrp.TestMyModule" file="modules/test_na_ontap_net_ifgrp.py" line="242" name="test_add_port_packet" time="0.00556802749634"></testcase><testcase classname="modules.test_na_ontap_net_ifgrp.TestMyModule" file="modules/test_na_ontap_net_ifgrp.py" line="196" name="test_create_called" time="0.0073037147522"></testcase><testcase classname="modules.test_na_ontap_net_ifgrp.TestMyModule" file="modules/test_na_ontap_net_ifgrp.py" line="215" name="test_delete_called" time="0.0067081451416"></testcase><testcase classname="modules.test_na_ontap_net_ifgrp.TestMyModule" file="modules/test_na_ontap_net_ifgrp.py" line="164" name="test_get_existing_ifgrp" time="0.00595593452454"></testcase><testcase classname="modules.test_na_ontap_net_ifgrp.TestMyModule" file="modules/test_na_ontap_net_ifgrp.py" line="158" name="test_get_nonexistent_ifgrp" time="0.00821614265442"></testcase><testcase classname="modules.test_na_ontap_net_ifgrp.TestMyModule" file="modules/test_na_ontap_net_ifgrp.py" line="235" name="test_get_ports_list" time="0.00916719436646"></testcase><testcase classname="modules.test_na_ontap_net_ifgrp.TestMyModule" file="modules/test_na_ontap_net_ifgrp.py" line="271" name="test_get_ports_returns_none" time="0.00631904602051"></testcase><testcase classname="modules.test_na_ontap_net_ifgrp.TestMyModule" file="modules/test_na_ontap_net_ifgrp.py" line="227" name="test_get_return_value" time="0.0113377571106"></testcase><testcase classname="modules.test_na_ontap_net_ifgrp.TestMyModule" file="modules/test_na_ontap_net_ifgrp.py" line="278" name="test_if_all_methods_catch_exception" time="0.01145195961"></testcase><testcase classname="modules.test_na_ontap_net_ifgrp.TestMyModule" file="modules/test_na_ontap_net_ifgrp.py" line="207" name="test_if_ports_are_added_after_create" time="0.00790882110596"></testcase><testcase classname="modules.test_na_ontap_net_ifgrp.TestMyModule" file="modules/test_na_ontap_net_ifgrp.py" line="260" name="test_modify_ports_calls_add_new_ports" time="0.00629925727844"></testcase><testcase classname="modules.test_na_ontap_net_ifgrp.TestMyModule" file="modules/test_na_ontap_net_ifgrp.py" line="249" name="test_modify_ports_calls_remove_existing_ports" time="0.00639200210571"></testcase><testcase classname="modules.test_na_ontap_net_ifgrp.TestMyModule" file="modules/test_na_ontap_net_ifgrp.py" line="151" name="test_module_fail_when_required_args_missing" time="0.00324892997742"><system-out>Info: missing required arguments: username, node, name, hostname, password
</system-out></testcase><testcase classname="modules.test_na_ontap_net_ifgrp.TestMyModule" file="modules/test_na_ontap_net_ifgrp.py" line="170" name="test_successful_create" time="0.00601601600647"></testcase><testcase classname="modules.test_na_ontap_net_ifgrp.TestMyModule" file="modules/test_na_ontap_net_ifgrp.py" line="178" name="test_successful_delete" time="0.00573110580444"></testcase><testcase classname="modules.test_na_ontap_net_ifgrp.TestMyModule" file="modules/test_na_ontap_net_ifgrp.py" line="187" name="test_successful_modify" time="0.00610303878784"></testcase><testcase classname="modules.test_na_ontap_net_port.TestMyModule" file="modules/test_na_ontap_net_port.py" line="170" name="test_get_called" time="0.00785398483276"></testcase><testcase classname="modules.test_na_ontap_net_port.TestMyModule" file="modules/test_na_ontap_net_port.py" line="144" name="test_get_existing_port" time="0.00623798370361"></testcase><testcase classname="modules.test_na_ontap_net_port.TestMyModule" file="modules/test_na_ontap_net_port.py" line="138" name="test_get_nonexistent_port" time="0.00533890724182"></testcase><testcase classname="modules.test_na_ontap_net_port.TestMyModule" file="modules/test_na_ontap_net_port.py" line="131" name="test_module_fail_when_required_args_missing" time="0.00426125526428"><system-out>Info: missing required arguments: username, node, hostname, password, ports
</system-out></testcase><testcase classname="modules.test_na_ontap_net_port.TestMyModule" file="modules/test_na_ontap_net_port.py" line="151" name="test_successful_modify" time="0.00517868995667"></testcase><testcase classname="modules.test_na_ontap_net_port.TestMyModule" file="modules/test_na_ontap_net_port.py" line="160" name="test_successful_modify_multiple_ports" time="0.0064868927002"></testcase><testcase classname="modules.test_na_ontap_net_routes.TestMyModule" file="modules/test_na_ontap_net_routes.py" line="335" name="test__modify_destination_idempotency" time="0.0119590759277"></testcase><testcase classname="modules.test_na_ontap_net_routes.TestMyModule" file="modules/test_na_ontap_net_routes.py" line="291" name="test__modify_gateway_idempotency" time="0.010618686676"></testcase><testcase classname="modules.test_na_ontap_net_routes.TestMyModule" file="modules/test_na_ontap_net_routes.py" line="203" name="test_create_error_missing_param" time="0.00542283058167"></testcase><testcase classname="modules.test_na_ontap_net_routes.TestMyModule" file="modules/test_na_ontap_net_routes.py" line="223" name="test_create_idempotency" time="0.0117239952087"></testcase><testcase classname="modules.test_na_ontap_net_routes.TestMyModule" file="modules/test_na_ontap_net_routes.py" line="240" name="test_delete_idempotency" time="0.0139548778534"></testcase><testcase classname="modules.test_na_ontap_net_routes.TestMyModule" file="modules/test_na_ontap_net_routes.py" line="196" name="test_get_existing_job" time="0.00913596153259"></testcase><testcase classname="modules.test_na_ontap_net_routes.TestMyModule" file="modules/test_na_ontap_net_routes.py" line="190" name="test_get_nonexistent_net_route" time="0.00915312767029"></testcase><testcase classname="modules.test_na_ontap_net_routes.TestMyModule" file="modules/test_na_ontap_net_routes.py" line="260" name="test_modify_metric_idempotency" time="0.00983810424805"></testcase><testcase classname="modules.test_na_ontap_net_routes.TestMyModule" file="modules/test_na_ontap_net_routes.py" line="183" name="test_module_fail_when_required_args_missing" time="0.00312900543213"><system-out>Info: missing required arguments: username, hostname, vserver, destination, password, gateway
</system-out></testcase><testcase classname="modules.test_na_ontap_net_routes.TestMyModule" file="modules/test_na_ontap_net_routes.py" line="357" name="test_rest_error" time="0.00505805015564"></testcase><testcase classname="modules.test_na_ontap_net_routes.TestMyModule" file="modules/test_na_ontap_net_routes.py" line="385" name="test_rest_idempotent_create_dns" time="0.00482797622681"></testcase><testcase classname="modules.test_na_ontap_net_routes.TestMyModule" file="modules/test_na_ontap_net_routes.py" line="414" name="test_rest_idempotently_destroy" time="0.00516104698181"></testcase><testcase classname="modules.test_na_ontap_net_routes.TestMyModule" file="modules/test_na_ontap_net_routes.py" line="447" name="test_rest_idempotently_modify" time="0.00529909133911"></testcase><testcase classname="modules.test_na_ontap_net_routes.TestMyModule" file="modules/test_na_ontap_net_routes.py" line="370" name="test_rest_successfully_create" time="0.00521492958069"></testcase><testcase classname="modules.test_na_ontap_net_routes.TestMyModule" file="modules/test_na_ontap_net_routes.py" line="399" name="test_rest_successfully_destroy" time="0.00526928901672"></testcase><testcase classname="modules.test_na_ontap_net_routes.TestMyModule" file="modules/test_na_ontap_net_routes.py" line="428" name="test_rest_successfully_modify" time="0.00579500198364"></testcase><testcase classname="modules.test_na_ontap_net_routes.TestMyModule" file="modules/test_na_ontap_net_routes.py" line="213" name="test_successful_create" time="0.0271208286285"></testcase><testcase classname="modules.test_na_ontap_net_routes.TestMyModule" file="modules/test_na_ontap_net_routes.py" line="231" name="test_successful_delete" time="0.0161209106445"></testcase><testcase classname="modules.test_na_ontap_net_routes.TestMyModule" file="modules/test_na_ontap_net_routes.py" line="313" name="test_successful_modify_destination" time="0.0130500793457"></testcase><testcase classname="modules.test_na_ontap_net_routes.TestMyModule" file="modules/test_na_ontap_net_routes.py" line="269" name="test_successful_modify_gateway" time="0.0169658660889"></testcase><testcase classname="modules.test_na_ontap_net_routes.TestMyModule" file="modules/test_na_ontap_net_routes.py" line="249" name="test_successful_modify_metric" time="0.0172681808472"></testcase><testcase classname="modules.test_na_ontap_net_subnet.TestMyModule" file="modules/test_na_ontap_net_subnet.py" line="149" name="test_ensure_get_called" time="0.00576901435852"></testcase><testcase classname="modules.test_na_ontap_net_subnet.TestMyModule" file="modules/test_na_ontap_net_subnet.py" line="156" name="test_ensure_get_called_existing" time="0.0120370388031"></testcase><testcase classname="modules.test_na_ontap_net_subnet.TestMyModule" file="modules/test_na_ontap_net_subnet.py" line="164" name="test_fail_broadcast_domain_modify" time="0.00609374046326"></testcase><testcase classname="modules.test_na_ontap_net_subnet.TestMyModule" file="modules/test_na_ontap_net_subnet.py" line="246" name="test_if_all_methods_catch_exception" time="0.00667285919189"></testcase><testcase classname="modules.test_na_ontap_net_subnet.TestMyModule" file="modules/test_na_ontap_net_subnet.py" line="142" name="test_module_fail_when_required_args_missing" time="0.00472021102905"><system-out>Info: missing required arguments: username, name, hostname, password
</system-out></testcase><testcase classname="modules.test_na_ontap_net_subnet.TestMyModule" file="modules/test_na_ontap_net_subnet.py" line="176" name="test_successful_create" time="0.0171091556549"><system-out>Create:
reset:
</system-out></testcase><testcase classname="modules.test_na_ontap_net_subnet.TestMyModule" file="modules/test_na_ontap_net_subnet.py" line="213" name="test_successful_delete" time="0.0110743045807"></testcase><testcase classname="modules.test_na_ontap_net_subnet.TestMyModule" file="modules/test_na_ontap_net_subnet.py" line="234" name="test_successful_modify" time="0.00721597671509"></testcase><testcase classname="modules.test_na_ontap_net_subnet.TestMyModule" file="modules/test_na_ontap_net_subnet.py" line="200" name="test_successful_rename" time="0.0084490776062"></testcase><testcase classname="modules.test_na_ontap_nfs.TestMyModule" file="modules/test_na_ontap_nfs.py" line="224" name="test_get_existing_nfs" time="0.0204710960388"></testcase><testcase classname="modules.test_na_ontap_nfs.TestMyModule" file="modules/test_na_ontap_nfs.py" line="236" name="test_get_existing_nfs_status" time="0.00722002983093"></testcase><testcase classname="modules.test_na_ontap_nfs.TestMyModule" file="modules/test_na_ontap_nfs.py" line="218" name="test_get_nonexistent_nfs" time="0.00542283058167"></testcase><testcase classname="modules.test_na_ontap_nfs.TestMyModule" file="modules/test_na_ontap_nfs.py" line="230" name="test_get_nonexistent_nfs_status" time="0.00552105903625"></testcase><testcase classname="modules.test_na_ontap_nfs.TestMyModule" file="modules/test_na_ontap_nfs.py" line="242" name="test_modify_nfs" time="0.016077041626"></testcase><testcase classname="modules.test_na_ontap_nfs.TestMyModule" file="modules/test_na_ontap_nfs.py" line="273" name="test_modify_nfs_idempotency" time="0.0189712047577"></testcase><testcase classname="modules.test_na_ontap_nfs.TestMyModule" file="modules/test_na_ontap_nfs.py" line="211" name="test_module_fail_when_required_args_missing" time="0.00396180152893"><system-out>Info: missing required arguments: hostname, vserver, username, password
[...]
alue_true_2" time="0.00800108909607"></testcase><testcase classname="modules.test_na_ontap_volume.TestMyModule" file="modules/test_na_ontap_volume.py" line="418" name="test_mount_volume" time="0.0181810855865"></testcase><testcase classname="modules.test_na_ontap_volume.TestMyModule" file="modules/test_na_ontap_volume.py" line="357" name="test_successful_create" time="0.0184926986694"></testcase><testcase classname="modules.test_na_ontap_volume.TestMyModule" file="modules/test_na_ontap_volume.py" line="611" name="test_compare_chmod_value_true_3" time="0.0148758888245"></testcase><testcase classname="modules.test_na_ontap_volume.TestMyModule" file="modules/test_na_ontap_volume.py" line="347" name="test_create_error_missing_param" time="0.00724339485168"></testcase><testcase classname="modules.test_na_ontap_volume.TestMyModule" file="modules/test_na_ontap_volume.py" line="703" name="test_successful_create_flex_group_auto_provision" time="0.0220592021942"></testcase><testcase classname="modules.test_na_ontap_volume.TestMyModule" file="modules/test_na_ontap_volume.py" line="367" name="test_create_idempotency" time="0.0117321014404"></testcase><testcase classname="modules.test_na_ontap_volume.TestMyModule" file="modules/test_na_ontap_volume.py" line="693" name="test_successful_create_flex_group_manually" time="0.0124397277832"></testcase><testcase classname="modules.test_na_ontap_volume.TestMyModule" file="modules/test_na_ontap_volume.py" line="384" name="test_delete_idempotency" time="0.0131678581238"></testcase><testcase classname="modules.test_na_ontap_volume.TestMyModule" file="modules/test_na_ontap_volume.py" line="375" name="test_successful_delete" time="0.00840592384338"></testcase><testcase classname="modules.test_na_ontap_volume.TestMyModule" file="modules/test_na_ontap_volume.py" line="940" name="test_error_assign_efficiency_policy" time="0.0147008895874"></testcase><testcase classname="modules.test_na_ontap_volume.TestMyModule" file="modules/test_na_ontap_volume.py" line="713" name="test_successful_delete_flex_group" time="0.0224051475525"></testcase><testcase classname="modules.test_na_ontap_volume.TestMyModule" file="modules/test_na_ontap_volume.py" line="949" name="test_error_assign_efficiency_policy_async" time="0.0165250301361"></testcase><testcase classname="modules.test_na_ontap_volume.TestMyModule" file="modules/test_na_ontap_volume.py" line="464" name="test_successful_modify_efficiency_policy" time="0.0187051296234"></testcase><testcase classname="modules.test_na_ontap_volume.TestMyModule" file="modules/test_na_ontap_volume.py" line="813" name="test_error_modify_unix_permissions_flex_group" time="0.0231118202209"></testcase><testcase classname="modules.test_na_ontap_volume.TestMyModule" file="modules/test_na_ontap_volume.py" line="839" name="test_failure_modify_unix_permissions_flex_group" time="0.0099401473999"></testcase><testcase classname="modules.test_na_ontap_volume.TestMyModule" file="modules/test_na_ontap_volume.py" line="473" name="test_successful_modify_percent_snapshot_space" time="0.020988702774"></testcase><testcase classname="modules.test_na_ontap_volume.TestMyModule" file="modules/test_na_ontap_volume.py" line="491" name="test_successful_modify_qos_adaptive_policy_group" time="0.00754594802856"></testcase><testcase classname="modules.test_na_ontap_volume.TestMyModule" file="modules/test_na_ontap_volume.py" line="340" name="test_get_existing_volume" time="0.00794410705566"></testcase><testcase classname="modules.test_na_ontap_volume.TestMyModule" file="modules/test_na_ontap_volume.py" line="482" name="test_successful_modify_qos_policy_group" time="0.0185358524323"></testcase><testcase classname="modules.test_na_ontap_volume.TestMyModule" file="modules/test_na_ontap_volume.py" line="334" name="test_get_nonexistent_volume" time="0.0115110874176"></testcase><testcase classname="modules.test_na_ontap_volume.TestMyModule" file="modules/test_na_ontap_volume.py" line="393" name="test_successful_modify_size" time="0.0089418888092"></testcase><testcase classname="modules.test_na_ontap_volume.TestMyModule" file="modules/test_na_ontap_volume.py" line="410" name="test_modify_error" time="0.0245041847229"></testcase><testcase classname="modules.test_na_ontap_volume.TestMyModule" file="modules/test_na_ontap_volume.py" line="455" name="test_successful_modify_snapshot_policy" time="0.00887584686279"></testcase><testcase classname="modules.test_na_ontap_volume.TestMyModule" file="modules/test_na_ontap_volume.py" line="863" name="test_successful_offline_state_flex_group" time="0.0084171295166"></testcase><testcase classname="modules.test_na_ontap_volume.TestMyModule" file="modules/test_na_ontap_volume.py" line="436" name="test_successful_modify_space" time="0.017609834671"></testcase><testcase classname="modules.test_na_ontap_volume.TestMyModule" file="modules/test_na_ontap_volume.py" line="958" name="test_successful_modify_tiering_policy" time="0.00917482376099"></testcase><testcase classname="modules.test_na_ontap_volume.TestMyModule" file="modules/test_na_ontap_volume.py" line="888" name="test_successful_online_state_flex_group" time="0.0253300666809"></testcase><testcase classname="modules.test_na_ontap_volume.TestMyModule" file="modules/test_na_ontap_volume.py" line="446" name="test_successful_modify_unix_permissions" time="0.0126302242279"></testcase><testcase classname="modules.test_na_ontap_volume.TestMyModule" file="modules/test_na_ontap_volume.py" line="761" name="test_successful_modify_unix_permissions_flex_group" time="0.00879502296448"></testcase><testcase classname="modules.test_na_ontap_volume.TestMyModule" file="modules/test_na_ontap_volume.py" line="509" name="test_successful_rename" time="0.0165357589722"></testcase><testcase classname="modules.test_na_ontap_volume.TestMyModule" file="modules/test_na_ontap_volume.py" line="531" name="test_successful_rename_async" time="0.0149261951447"></testcase><testcase classname="modules.test_na_ontap_volume.TestMyModule" file="modules/test_na_ontap_volume.py" line="789" name="test_successful_modify_unix_permissions_flex_group_0_time_out" time="0.010960817337"></testcase><testcase classname="modules.test_na_ontap_volume.TestMyModule" file="modules/test_na_ontap_volume.py" line="736" name="test_successful_resize_flex_group" time="0.0126049518585"></testcase><testcase classname="modules.test_na_ontap_volume.TestMyModule" file="modules/test_na_ontap_volume.py" line="967" name="test_successful_modify_vserver_dr_protection" time="0.0149526596069"></testcase><testcase classname="modules.test_na_ontap_volume.TestMyModule" file="modules/test_na_ontap_volume.py" line="427" name="test_unmount_volume" time="0.00877714157104"></testcase><testcase classname="modules.test_na_ontap_volume.TestMyModule" file="modules/test_na_ontap_volume.py" line="500" name="test_successful_move" time="0.0276772975922"></testcase><testcase classname="modules.test_na_ontap_volume_autosize.TestMyModule" file="modules/test_na_ontap_volume_autosize.py" line="171" name="test_idempotent_modify" time="0.0155322551727"></testcase><testcase classname="modules.test_na_ontap_volume_autosize.TestMyModule" file="modules/test_na_ontap_volume_autosize.py" line="227" name="test_rest_idempotent_modify" time="0.00761485099792"></testcase><testcase classname="modules.test_na_ontap_volume_autosize.TestMyModule" file="modules/test_na_ontap_volume_autosize.py" line="211" name="test_rest_successful_modify" time="0.00673174858093"></testcase><testcase classname="modules.test_na_ontap_volume_autosize.TestMyModule" file="modules/test_na_ontap_volume_autosize.py" line="164" name="test_module_fail_when_required_args_missing" time="0.0149869918823"><system-out>Info: missing required arguments: username, volume, hostname, vserver, password
</system-out></testcase><testcase classname="modules.test_na_ontap_volume_autosize.TestMyModule" file="modules/test_na_ontap_volume_autosize.py" line="198" name="test_rest_error" time="0.00947904586792"></testcase><testcase classname="modules.test_na_ontap_volume_autosize.TestMyModule" file="modules/test_na_ontap_volume_autosize.py" line="177" name="test_successful_modify" time="0.0294749736786"></testcase><testcase classname="modules.test_na_ontap_volume_clone.TestMyModule" file="modules/test_na_ontap_volume_clone.py" line="137" name="test_successful_create" time="0.016608953476"></testcase><testcase classname="modules.test_na_ontap_volume_autosize.TestMyModule" file="modules/test_na_ontap_volume_autosize.py" line="185" name="test_successful_reset" time="0.0239832401276"></testcase><testcase classname="modules.test_na_ontap_volume_clone.TestMyModule" file="modules/test_na_ontap_volume_clone.py" line="123" name="test_ensure_get_called" time="0.00517702102661"></testcase><testcase classname="modules.test_na_ontap_volume_clone.TestMyModule" file="modules/test_na_ontap_volume_clone.py" line="130" name="test_ensure_get_called_existing" time="0.00571417808533"></testcase><testcase classname="modules.test_na_ontap_vscan.TestMyModule" file="modules/test_na_ontap_vscan.py" line="153" name="test_idempotently_disable" time="0.0326538085938"></testcase><testcase classname="modules.test_na_ontap_volume_clone.TestMyModule" file="modules/test_na_ontap_volume_clone.py" line="166" name="test_if_all_methods_catch_exception" time="0.0114748477936"></testcase><testcase classname="modules.test_na_ontap_volume_clone.TestMyModule" file="modules/test_na_ontap_volume_clone.py" line="116" name="test_module_fail_when_required_args_missing" time="0.00519680976868"><system-out>Info: missing required arguments: username, parent_volume, hostname, vserver, password, name
</system-out></testcase><testcase classname="modules.test_na_ontap_vscan.TestMyModule" file="modules/test_na_ontap_vscan.py" line="137" name="test_idempotently_enable" time="0.0173580646515"></testcase><testcase classname="modules.test_na_ontap_vscan.TestMyModule" file="modules/test_na_ontap_vscan.py" line="203" name="test_rest_successly_disable" time="0.00605416297913"></testcase><testcase classname="modules.test_na_ontap_vscan.TestMyModule" file="modules/test_na_ontap_vscan.py" line="122" name="test_module_fail_when_required_args_missing" time="0.0079083442688"><system-out>Info: missing required arguments: username, hostname, vserver, password
</system-out></testcase><testcase classname="modules.test_na_ontap_vscan.TestMyModule" file="modules/test_na_ontap_vscan.py" line="174" name="test_rest_successly_enable" time="0.0101451873779"></testcase><testcase classname="modules.test_na_ontap_vscan.TestMyModule" file="modules/test_na_ontap_vscan.py" line="161" name="test_rest_error" time="0.0105347633362"></testcase><testcase classname="modules.test_na_ontap_vscan.TestMyModule" file="modules/test_na_ontap_vscan.py" line="145" name="test_successfully_disable" time="0.0159680843353"></testcase><testcase classname="modules.test_na_ontap_vscan.TestMyModule" file="modules/test_na_ontap_vscan.py" line="218" name="test_rest_idempotently_disable" time="0.00639867782593"></testcase><testcase classname="modules.test_na_ontap_vscan.TestMyModule" file="modules/test_na_ontap_vscan.py" line="129" name="test_successfully_enable" time="0.0143690109253"></testcase><testcase classname="modules.test_na_ontap_vscan.TestMyModule" file="modules/test_na_ontap_vscan.py" line="189" name="test_rest_idempotently_enable" time="0.0154359340668"></testcase><testcase classname="modules.test_na_ontap_vscan_on_access_policy.TestMyModule" file="modules/test_na_ontap_vscan_on_access_policy.py" line="137" name="test_create_idempotency" time="0.0107741355896"></testcase><testcase classname="modules.test_na_ontap_vscan_on_access_policy.TestMyModule" file="modules/test_na_ontap_vscan_on_access_policy.py" line="126" name="test_get_existing_scanner" time="0.0159850120544"></testcase><testcase classname="modules.test_na_ontap_vscan_on_access_policy.TestMyModule" file="modules/test_na_ontap_vscan_on_access_policy.py" line="151" name="test_delete_idempotency" time="0.0100028514862"></testcase><testcase classname="modules.test_na_ontap_vscan_on_demand_task.TestMyModule" file="modules/test_na_ontap_vscan_on_demand_task.py" line="146" name="test_create_idempotency" time="0.00656700134277"></testcase><testcase classname="modules.test_na_ontap_vscan_on_demand_task.TestMyModule" file="modules/test_na_ontap_vscan_on_demand_task.py" line="160" name="test_delete_idempotency" time="0.00462102890015"></testcase><testcase classname="modules.test_na_ontap_vscan_on_demand_task.TestMyModule" file="modules/test_na_ontap_vscan_on_demand_task.py" line="135" name="test_get_existing_demand_task" time="0.00517201423645"></testcase><testcase classname="modules.test_na_ontap_vscan_on_access_policy.TestMyModule" file="modules/test_na_ontap_vscan_on_access_policy.py" line="121" name="test_get_nonexistent_policy" time="0.0322518348694"></testcase><testcase classname="modules.test_na_ontap_vscan_on_access_policy.TestMyModule" file="modules/test_na_ontap_vscan_on_access_policy.py" line="114" name="test_module_fail_when_required_args_missing" time="0.00795292854309"><system-out>Info: missing required arguments: username, hostname, policy_name, vserver, password
</system-out></testcase><testcase classname="modules.test_na_ontap_vscan_on_demand_task.TestMyModule" file="modules/test_na_ontap_vscan_on_demand_task.py" line="130" name="test_get_nonexistent_demand_task" time="0.0110139846802"></testcase><testcase classname="modules.test_na_ontap_vscan_on_access_policy.TestMyModule" file="modules/test_na_ontap_vscan_on_access_policy.py" line="131" name="test_successfully_create" time="0.00476098060608"></testcase><testcase classname="modules.test_na_ontap_vscan_on_access_policy.TestMyModule" file="modules/test_na_ontap_vscan_on_access_policy.py" line="143" name="test_successfully_delete" time="0.00788331031799"></testcase><testcase classname="modules.test_na_ontap_vscan_on_demand_task.TestMyModule" file="modules/test_na_ontap_vscan_on_demand_task.py" line="123" name="test_module_fail_when_required_args_missing" time="0.0136759281158"><system-out>Info: missing required arguments: username, task_name, password, vserver, hostname
</system-out></testcase><testcase classname="modules.test_na_ontap_vscan_scanner_pool.TestMyModule" file="modules/test_na_ontap_vscan_scanner_pool.py" line="150" name="test_create_idempotency" time="0.00843787193298"></testcase><testcase classname="modules.test_na_ontap_vscan_scanner_pool.TestMyModule" file="modules/test_na_ontap_vscan_scanner_pool.py" line="172" name="test_delete_idempotency" time="0.0115818977356"></testcase><testcase classname="modules.test_na_ontap_vscan_on_demand_task.TestMyModule" file="modules/test_na_ontap_vscan_on_demand_task.py" line="140" name="test_successfully_create" time="0.00569701194763"></testcase><testcase classname="modules.test_na_ontap_vscan_scanner_pool.TestMyModule" file="modules/test_na_ontap_vscan_scanner_pool.py" line="138" name="test_get_existing_scanner" time="0.00717377662659"></testcase><testcase classname="modules.test_na_ontap_vscan_on_demand_task.TestMyModule" file="modules/test_na_ontap_vscan_on_demand_task.py" line="152" name="test_successfully_delete" time="0.00588703155518"></testcase><testcase classname="modules.test_na_ontap_vscan_scanner_pool.TestMyModule" file="modules/test_na_ontap_vscan_scanner_pool.py" line="132" name="test_get_nonexistent_scanner" time="0.00652384757996"></testcase><testcase classname="modules.test_na_ontap_vscan_scanner_pool.TestMyModule" file="modules/test_na_ontap_vscan_scanner_pool.py" line="156" name="test_apply_policy" time="0.00561308860779"></testcase><testcase classname="modules.test_na_ontap_vscan_scanner_pool.TestMyModule" file="modules/test_na_ontap_vscan_scanner_pool.py" line="125" name="test_module_fail_when_required_args_missing" time="0.00381636619568"><system-out>Info: missing required arguments: username, hostname, vserver, password, scanner_pool
</system-out></testcase><testcase classname="modules.test_na_ontap_vscan_scanner_pool.TestMyModule" file="modules/test_na_ontap_vscan_scanner_pool.py" line="164" name="test_successfully_delete" time="0.0178480148315"></testcase><testcase classname="modules.test_na_ontap_vscan_scanner_pool.TestMyModule" file="modules/test_na_ontap_vscan_scanner_pool.py" line="144" name="test_successfully_create" time="0.0110740661621"></testcase><testcase classname="modules.test_na_ontap_vserver_cifs_security.TestMyModule" file="modules/test_na_ontap_vserver_cifs_security.py" line="147" name="test_modify_error" time="0.0146870613098"></testcase><testcase classname="modules.test_na_ontap_vserver_cifs_security.TestMyModule" file="modules/test_na_ontap_vserver_cifs_security.py" line="131" name="test_successful_modify" time="0.0158748626709"></testcase><testcase classname="modules.test_na_ontap_vserver_peer.TestMyModule" file="modules/test_na_ontap_vserver_peer.py" line="189" name="test_delete_idempotency" time="0.00564360618591"></testcase><testcase classname="modules.test_na_ontap_vserver_peer.TestMyModule" file="modules/test_na_ontap_vserver_peer.py" line="162" name="test_create_idempotency" time="0.0153098106384"></testcase><testcase classname="modules.test_na_ontap_vserver_peer.TestMyModule" file="modules/test_na_ontap_vserver_peer.py" line="212" name="test_get_packet" time="0.00710391998291"><system-out>&lt;xml&gt;&lt;attributes-list&gt;&lt;vserver-peer-info&gt;&lt;peer-vserver&gt;test_peer&lt;/peer-vserver&gt;&lt;vserver&gt;test&lt;/vserver&gt;&lt;peer-state&gt;peered&lt;/peer-state&gt;&lt;/vserver-peer-info&gt;&lt;/attributes-list&gt;&lt;num-records&gt;1&lt;/num-records&gt;&lt;/xml&gt;
</system-out></testcase><testcase classname="modules.test_na_ontap_vserver_peer.TestMyModule" file="modules/test_na_ontap_vserver_peer.py" line="221" name="test_error_on_missing_params_create" time="0.0210092067719"></testcase><testcase classname="modules.test_na_ontap_vserver_peer.TestMyModule" file="modules/test_na_ontap_vserver_peer.py" line="232" name="test_get_peer_cluster_called" time="0.00611782073975"></testcase><testcase classname="modules.test_na_ontap_vserver_peer.TestMyModule" file="modules/test_na_ontap_vserver_peer.py" line="243" name="test_get_peer_cluster_packet" time="0.00524497032166"><system-out>&lt;xml&gt;&lt;attributes&gt;&lt;cluster-identity-info&gt;&lt;cluster-name&gt;test_cluster_peer&lt;/cluster-name&gt;&lt;/cluster-identity-info&gt;&lt;/attributes&gt;&lt;/xml&gt;
</system-out></testcase><testcase classname="modules.test_na_ontap_vserver_peer.TestMyModule" file="modules/test_na_ontap_vserver_peer.py" line="200" name="test_helper_vserver_peer_get_iter" time="0.0140781402588"><system-out>&lt;vserver-peer-get-iter&gt;
  &lt;query&gt;
    &lt;vserver-peer-info&gt;
      &lt;peer-vserver&gt;test_peer&lt;/peer-vserver&gt;
      &lt;vserver&gt;test&lt;/vserver&gt;
    &lt;/vserver-peer-info&gt;
  &lt;/query&gt;
&lt;/vserver-peer-get-iter&gt;

</system-out></testcase><testcase classname="modules.test_na_ontap_vserver_peer.TestMyModule" file="modules/test_na_ontap_vserver_peer.py" line="144" name="test_module_fail_when_required_args_missing" time="0.013787984848"><system-out>Info: missing required arguments: username, hostname, vserver, peer_vserver, password
</system-out></testcase><testcase classname="modules.test_na_ontap_vserver_peer.TestMyModule" file="modules/test_na_ontap_vserver_peer.py" line="178" name="test_successful_delete" time="0.00715804100037"><system-out>&lt;xml&gt;&lt;attributes-list&gt;&lt;vserver-peer-info&gt;&lt;peer-vserver&gt;test_peer&lt;/peer-vserver&gt;&lt;vserver&gt;test&lt;/vserver&gt;&lt;peer-state&gt;peered&lt;/peer-state&gt;&lt;/vserver-peer-info&gt;&lt;/attributes-list&gt;&lt;num-records&gt;1&lt;/num-records&gt;&lt;/xml&gt;
</system-out></testcase><testcase classname="modules.test_na_ontap_vserver_peer.TestMyModule" file="modules/test_na_ontap_vserver_peer.py" line="151" name="test_successful_create" time="0.0142073631287"></testcase></testsuite>